<?xml version="1.0" encoding="UTF-8"?>
<!-- Generated by org.testng.reporters.JUnitXMLReporter -->
<testsuite ignored="0" hostname="LAPTOP-DILGNM6O" failures="0" tests="39" name="Default test" time="159.578" errors="0" timestamp="2022-06-14T13:12:11 IST">
  <testcase classname="com.sgtesting.advancescenariotestng.AdvanceScenarioTestng2" name="launchbrowser" time="3.163"/>
  <testcase classname="com.sgtesting.advancescenariotestng.AdvanceScenarioTestng2" name="navigate" time="4.437"/>
  <testcase classname="com.sgtesting.advancescenariotestng.AdvanceScenarioTestng2" name="loginasadmin1" time="4.367"/>
  <testcase classname="com.sgtesting.advancescenariotestng.AdvanceScenarioTestng2" name="minimizeflyout" time="1.14"/>
  <testcase classname="com.sgtesting.advancescenariotestng.AdvanceScenarioTestng2" name="createuser1" time="12.282"/>
  <testcase classname="com.sgtesting.advancescenariotestng.AdvanceScenarioTestng2" name="logout1" time="2.5"/>
  <testcase classname="com.sgtesting.advancescenariotestng.AdvanceScenarioTestng2" name="loginasuser1" time="8.497"/>
  <testcase classname="com.sgtesting.advancescenariotestng.AdvanceScenarioTestng2" name="createuser2" time="10.934"/>
  <testcase classname="com.sgtesting.advancescenariotestng.AdvanceScenarioTestng2" name="logoutasuser1" time="1.358"/>
  <testcase classname="com.sgtesting.advancescenariotestng.AdvanceScenarioTestng2" name="loginasuser2" time="6.304"/>
  <testcase classname="com.sgtesting.advancescenariotestng.AdvanceScenarioTestng2" name="createuser3" time="11.685"/>
  <testcase classname="com.sgtesting.advancescenariotestng.AdvanceScenarioTestng2" name="logoutasuser2" time="1.423"/>
  <testcase classname="com.sgtesting.advancescenariotestng.AdvanceScenarioTestng2" name="loginasuser3" time="5.902"/>
  <testcase classname="com.sgtesting.advancescenariotestng.AdvanceScenarioTestng2" name="logoutasuser3" time="1.321"/>
  <testcase classname="com.sgtesting.advancescenariotestng.AdvanceScenarioTestng2" name="loginasuser22" time="3.386"/>
  <testcase classname="com.sgtesting.advancescenariotestng.AdvanceScenarioTestng2" name="modifypwduser3" time="6.269"/>
  <testcase classname="com.sgtesting.advancescenariotestng.AdvanceScenarioTestng2" name="logoutasuser22" time="1.319"/>
  <testcase classname="com.sgtesting.advancescenariotestng.AdvanceScenarioTestng2" name="loginwithmodifypwduser3" time="3.366"/>
  <testcase classname="com.sgtesting.advancescenariotestng.AdvanceScenarioTestng2" name="logoutasuser33" time="1.34"/>
  <testcase classname="com.sgtesting.advancescenariotestng.AdvanceScenarioTestng2" name="loginasuser11" time="3.338"/>
  <testcase classname="com.sgtesting.advancescenariotestng.AdvanceScenarioTestng2" name="modifypwduser2" time="6.17"/>
  <testcase classname="com.sgtesting.advancescenariotestng.AdvanceScenarioTestng2" name="logoutasuser11" time="1.33"/>
  <testcase classname="com.sgtesting.advancescenariotestng.AdvanceScenarioTestng2" name="loginwithmodifypwduser2" time="3.34"/>
  <testcase classname="com.sgtesting.advancescenariotestng.AdvanceScenarioTestng2" name="logoutasuser222" time="1.339"/>
  <testcase classname="com.sgtesting.advancescenariotestng.AdvanceScenarioTestng2" name="loginasadmin11" time="4.304"/>
  <testcase classname="com.sgtesting.advancescenariotestng.AdvanceScenarioTestng2" name="modifypwduser1" time="7.146"/>
  <testcase classname="com.sgtesting.advancescenariotestng.AdvanceScenarioTestng2" name="logoutasadmin2" time="1.322"/>
  <testcase classname="com.sgtesting.advancescenariotestng.AdvanceScenarioTestng2" name="loginwithmodifypwduser1" time="3.304"/>
  <testcase classname="com.sgtesting.advancescenariotestng.AdvanceScenarioTestng2" name="logoutasuser111" time="1.36"/>
  <testcase classname="com.sgtesting.advancescenariotestng.AdvanceScenarioTestng2" name="loginwithmodifypwduser22" time="3.395"/>
  <testcase classname="com.sgtesting.advancescenariotestng.AdvanceScenarioTestng2" name="Deleteuser3" time="5.942"/>
  <testcase classname="com.sgtesting.advancescenariotestng.AdvanceScenarioTestng2" name="logoutasuser333" time="1.325"/>
  <testcase classname="com.sgtesting.advancescenariotestng.AdvanceScenarioTestng2" name="loginwithmodifypwduser11" time="3.35"/>
  <testcase classname="com.sgtesting.advancescenariotestng.AdvanceScenarioTestng2" name="Deleteuser2" time="5.941"/>
  <testcase classname="com.sgtesting.advancescenariotestng.AdvanceScenarioTestng2" name="logoutasuser1111" time="1.319"/>
  <testcase classname="com.sgtesting.advancescenariotestng.AdvanceScenarioTestng2" name="loginasadmin22" time="4.296"/>
  <testcase classname="com.sgtesting.advancescenariotestng.AdvanceScenarioTestng2" name="Deleteuser1" time="5.925"/>
  <testcase classname="com.sgtesting.advancescenariotestng.AdvanceScenarioTestng2" name="logoutasadmin33" time="1.304"/>
  <testcase classname="com.sgtesting.advancescenariotestng.AdvanceScenarioTestng2" name="closeapplication" time="2.663"/>
</testsuite> <!-- Default test -->
