<?xml version="1.0" encoding="UTF-8"?>
<!-- Generated by org.testng.reporters.JUnitXMLReporter -->
<testsuite ignored="0" hostname="LAPTOP-DILGNM6O" failures="0" tests="67" name="BasicscenarioDemo" time="251.711" errors="0" timestamp="2022-06-14T14:35:07 IST">
  <testcase classname="com.sgtesting.testngbasic.BasicScenarioTestNG1" name="launchbrowser" time="8.068"/>
  <testcase classname="com.sgtesting.testngbasic.BasicScenarioTestNG1" name="navigate" time="3.946"/>
  <testcase classname="com.sgtesting.testngbasic.BasicScenarioTestNG1" name="login" time="3.323"/>
  <testcase classname="com.sgtesting.testngbasic.BasicScenarioTestNG1" name="minimizeflyout" time="3.283"/>
  <testcase classname="com.sgtesting.testngbasic.BasicScenarioTestNG1" name="createuser" time="12.298"/>
  <testcase classname="com.sgtesting.testngbasic.BasicScenarioTestNG1" name="deleteuser" time="4.405"/>
  <testcase classname="com.sgtesting.testngbasic.BasicScenarioTestNG1" name="logout" time="2.468"/>
  <testcase classname="com.sgtesting.testngbasic.BasicScenarioTestNG1" name="closeapplication" time="0.685"/>
  <testcase classname="com.sgtesting.testngbasic.BAsicScenarioTestNG2" name="launchbrowser" time="2.984"/>
  <testcase classname="com.sgtesting.testngbasic.BAsicScenarioTestNG2" name="navigate" time="3.837"/>
  <testcase classname="com.sgtesting.testngbasic.BAsicScenarioTestNG2" name="login" time="3.569"/>
  <testcase classname="com.sgtesting.testngbasic.BAsicScenarioTestNG2" name="minimizeflyout" time="2.516"/>
  <testcase classname="com.sgtesting.testngbasic.BAsicScenarioTestNG2" name="createuser" time="11.618"/>
  <testcase classname="com.sgtesting.testngbasic.BAsicScenarioTestNG2" name="Modifyuser" time="4.581"/>
  <testcase classname="com.sgtesting.testngbasic.BAsicScenarioTestNG2" name="deleteuser" time="4.465"/>
  <testcase classname="com.sgtesting.testngbasic.BAsicScenarioTestNG2" name="Logout" time="2.479"/>
  <testcase classname="com.sgtesting.testngbasic.BAsicScenarioTestNG2" name="closeapplication" time="0.722"/>
  <testcase classname="com.sgtesting.testngbasic.BasicScenarioTestNG3" name="launchbroswer" time="2.172"/>
  <testcase classname="com.sgtesting.testngbasic.BasicScenarioTestNG3" name="navigate" time="2.014"/>
  <testcase classname="com.sgtesting.testngbasic.BasicScenarioTestNG3" name="login" time="3.502"/>
  <testcase classname="com.sgtesting.testngbasic.BasicScenarioTestNG3" name="minimizeflyout" time="3.029"/>
  <testcase classname="com.sgtesting.testngbasic.BasicScenarioTestNG3" name="createcustomer" time="7.465"/>
  <testcase classname="com.sgtesting.testngbasic.BasicScenarioTestNG3" name="deletecustomer" time="4.611"/>
  <testcase classname="com.sgtesting.testngbasic.BasicScenarioTestNG3" name="logout" time="1.428"/>
  <testcase classname="com.sgtesting.testngbasic.BasicScenarioTestNG3" name="closeapplication" time="0.598"/>
  <testcase classname="com.sgtesting.testngbasic.BasicScenarioTestNG4" name="launchbroswer" time="1.611"/>
  <testcase classname="com.sgtesting.testngbasic.BasicScenarioTestNG4" name="navigate" time="2.137"/>
  <testcase classname="com.sgtesting.testngbasic.BasicScenarioTestNG4" name="login" time="3.511"/>
  <testcase classname="com.sgtesting.testngbasic.BasicScenarioTestNG4" name="minimizeflyout" time="2.66"/>
  <testcase classname="com.sgtesting.testngbasic.BasicScenarioTestNG4" name="createcustomer" time="6.525"/>
  <testcase classname="com.sgtesting.testngbasic.BasicScenarioTestNG4" name="modifycustomer" time="4.715"/>
  <testcase classname="com.sgtesting.testngbasic.BasicScenarioTestNG4" name="deletecustomer" time="5.562"/>
  <testcase classname="com.sgtesting.testngbasic.BasicScenarioTestNG4" name="logout" time="1.454"/>
  <testcase classname="com.sgtesting.testngbasic.BasicScenarioTestNG4" name="closeapplication" time="0.658"/>
  <testcase classname="com.sgtesting.testngbasic.BasicScenarioTestNG5" name="launchbroswer" time="3.081"/>
  <testcase classname="com.sgtesting.testngbasic.BasicScenarioTestNG5" name="navigate" time="2.168"/>
  <testcase classname="com.sgtesting.testngbasic.BasicScenarioTestNG5" name="login" time="3.482"/>
  <testcase classname="com.sgtesting.testngbasic.BasicScenarioTestNG5" name="minimizeflyout" time="3.594"/>
  <testcase classname="com.sgtesting.testngbasic.BasicScenarioTestNG5" name="createcustomer" time="5.991"/>
  <testcase classname="com.sgtesting.testngbasic.BasicScenarioTestNG5" name="createproject" time="6.617"/>
  <testcase classname="com.sgtesting.testngbasic.BasicScenarioTestNG5" name="DeleteProject" time="4.758"/>
  <testcase classname="com.sgtesting.testngbasic.BasicScenarioTestNG5" name="deletecustomer" time="5.729"/>
  <testcase classname="com.sgtesting.testngbasic.BasicScenarioTestNG5" name="logout" time="1.498"/>
  <testcase classname="com.sgtesting.testngbasic.BasicScenarioTestNG5" name="closeapplication" time="0.652"/>
  <testcase classname="com.sgtesting.testngbasic.BasicScenarioTestNG6" name="launchbroswer" time="1.927"/>
  <testcase classname="com.sgtesting.testngbasic.BasicScenarioTestNG6" name="navigate" time="2.389"/>
  <testcase classname="com.sgtesting.testngbasic.BasicScenarioTestNG6" name="login" time="3.415"/>
  <testcase classname="com.sgtesting.testngbasic.BasicScenarioTestNG6" name="minimizeflyout" time="5.146"/>
  <testcase classname="com.sgtesting.testngbasic.BasicScenarioTestNG6" name="createcustomer" time="6.271"/>
  <testcase classname="com.sgtesting.testngbasic.BasicScenarioTestNG6" name="createproject" time="5.646"/>
  <testcase classname="com.sgtesting.testngbasic.BasicScenarioTestNG6" name="modifyproject" time="5.924"/>
  <testcase classname="com.sgtesting.testngbasic.BasicScenarioTestNG6" name="DeleteProject" time="4.703"/>
  <testcase classname="com.sgtesting.testngbasic.BasicScenarioTestNG6" name="deletecustomer" time="5.674"/>
  <testcase classname="com.sgtesting.testngbasic.BasicScenarioTestNG6" name="logout" time="1.507"/>
  <testcase classname="com.sgtesting.testngbasic.BasicScenarioTestNG6" name="closeapplication" time="0.633"/>
  <testcase classname="com.sgtesting.testngbasic.BasicScenarioTestNG7" name="launchbroswer" time="1.974"/>
  <testcase classname="com.sgtesting.testngbasic.BasicScenarioTestNG7" name="navigate" time="2.046"/>
  <testcase classname="com.sgtesting.testngbasic.BasicScenarioTestNG7" name="login" time="3.503"/>
  <testcase classname="com.sgtesting.testngbasic.BasicScenarioTestNG7" name="minimizeflyout" time="3.238"/>
  <testcase classname="com.sgtesting.testngbasic.BasicScenarioTestNG7" name="createcustomer" time="6.414"/>
  <testcase classname="com.sgtesting.testngbasic.BasicScenarioTestNG7" name="createproject" time="5.793"/>
  <testcase classname="com.sgtesting.testngbasic.BasicScenarioTestNG7" name="createtask" time="4.803"/>
  <testcase classname="com.sgtesting.testngbasic.BasicScenarioTestNG7" name="deletetask" time="0.112"/>
  <testcase classname="com.sgtesting.testngbasic.BasicScenarioTestNG7" name="DeleteProject" time="5.522"/>
  <testcase classname="com.sgtesting.testngbasic.BasicScenarioTestNG7" name="deletecustomer" time="6.0"/>
  <testcase classname="com.sgtesting.testngbasic.BasicScenarioTestNG7" name="logout" time="1.589"/>
  <testcase classname="com.sgtesting.testngbasic.BasicScenarioTestNG7" name="closeapplication" time="0.652"/>
</testsuite> <!-- BasicscenarioDemo -->
