<?xml version="1.0" encoding="UTF-8"?>
<!-- Generated by org.testng.reporters.JUnitXMLReporter -->
<testsuite ignored="0" hostname="LAPTOP-DILGNM6O" failures="0" tests="137" name="BasicandAdvancescenarioDemo" time="555.19" errors="0" timestamp="2022-06-14T15:18:04 IST">
  <testcase classname="com.sgtesting.testngbasic.BasicScenarioTestNG1" name="launchbrowser" time="5.535"/>
  <testcase classname="com.sgtesting.testngbasic.BasicScenarioTestNG1" name="navigate" time="2.928"/>
  <testcase classname="com.sgtesting.testngbasic.BasicScenarioTestNG1" name="login" time="3.32"/>
  <testcase classname="com.sgtesting.testngbasic.BasicScenarioTestNG1" name="minimizeflyout" time="3.044"/>
  <testcase classname="com.sgtesting.testngbasic.BasicScenarioTestNG1" name="createuser" time="11.526"/>
  <testcase classname="com.sgtesting.testngbasic.BasicScenarioTestNG1" name="deleteuser" time="4.446"/>
  <testcase classname="com.sgtesting.testngbasic.BasicScenarioTestNG1" name="logout" time="2.415"/>
  <testcase classname="com.sgtesting.testngbasic.BasicScenarioTestNG1" name="closeapplication" time="1.918"/>
  <testcase classname="com.sgtesting.testngbasic.BAsicScenarioTestNG2" name="launchbrowser" time="2.797"/>
  <testcase classname="com.sgtesting.testngbasic.BAsicScenarioTestNG2" name="navigate" time="2.404"/>
  <testcase classname="com.sgtesting.testngbasic.BAsicScenarioTestNG2" name="login" time="3.557"/>
  <testcase classname="com.sgtesting.testngbasic.BAsicScenarioTestNG2" name="minimizeflyout" time="2.345"/>
  <testcase classname="com.sgtesting.testngbasic.BAsicScenarioTestNG2" name="createuser" time="13.518"/>
  <testcase classname="com.sgtesting.testngbasic.BAsicScenarioTestNG2" name="Modifyuser" time="4.751"/>
  <testcase classname="com.sgtesting.testngbasic.BAsicScenarioTestNG2" name="deleteuser" time="4.375"/>
  <testcase classname="com.sgtesting.testngbasic.BAsicScenarioTestNG2" name="Logout" time="3.39"/>
  <testcase classname="com.sgtesting.testngbasic.BAsicScenarioTestNG2" name="closeapplication" time="2.229"/>
  <testcase classname="com.sgtesting.testngbasic.BasicScenarioTestNG3" name="launchbroswer" time="2.604"/>
  <testcase classname="com.sgtesting.testngbasic.BasicScenarioTestNG3" name="navigate" time="2.307"/>
  <testcase classname="com.sgtesting.testngbasic.BasicScenarioTestNG3" name="login" time="3.492"/>
  <testcase classname="com.sgtesting.testngbasic.BasicScenarioTestNG3" name="minimizeflyout" time="2.598"/>
  <testcase classname="com.sgtesting.testngbasic.BasicScenarioTestNG3" name="createcustomer" time="6.788"/>
  <testcase classname="com.sgtesting.testngbasic.BasicScenarioTestNG3" name="deletecustomer" time="4.363"/>
  <testcase classname="com.sgtesting.testngbasic.BasicScenarioTestNG3" name="logout" time="1.645"/>
  <testcase classname="com.sgtesting.testngbasic.BasicScenarioTestNG3" name="closeapplication" time="0.637"/>
  <testcase classname="com.sgtesting.testngbasic.BasicScenarioTestNG4" name="launchbroswer" time="2.53"/>
  <testcase classname="com.sgtesting.testngbasic.BasicScenarioTestNG4" name="navigate" time="1.804"/>
  <testcase classname="com.sgtesting.testngbasic.BasicScenarioTestNG4" name="login" time="3.437"/>
  <testcase classname="com.sgtesting.testngbasic.BasicScenarioTestNG4" name="minimizeflyout" time="3.182"/>
  <testcase classname="com.sgtesting.testngbasic.BasicScenarioTestNG4" name="createcustomer" time="6.421"/>
  <testcase classname="com.sgtesting.testngbasic.BasicScenarioTestNG4" name="modifycustomer" time="4.892"/>
  <testcase classname="com.sgtesting.testngbasic.BasicScenarioTestNG4" name="deletecustomer" time="5.847"/>
  <testcase classname="com.sgtesting.testngbasic.BasicScenarioTestNG4" name="logout" time="1.381"/>
  <testcase classname="com.sgtesting.testngbasic.BasicScenarioTestNG4" name="closeapplication" time="0.747"/>
  <testcase classname="com.sgtesting.testngbasic.BasicScenarioTestNG5" name="launchbroswer" time="1.988"/>
  <testcase classname="com.sgtesting.testngbasic.BasicScenarioTestNG5" name="navigate" time="1.845"/>
  <testcase classname="com.sgtesting.testngbasic.BasicScenarioTestNG5" name="login" time="3.368"/>
  <testcase classname="com.sgtesting.testngbasic.BasicScenarioTestNG5" name="minimizeflyout" time="3.642"/>
  <testcase classname="com.sgtesting.testngbasic.BasicScenarioTestNG5" name="createcustomer" time="6.471"/>
  <testcase classname="com.sgtesting.testngbasic.BasicScenarioTestNG5" name="createproject" time="6.588"/>
  <testcase classname="com.sgtesting.testngbasic.BasicScenarioTestNG5" name="DeleteProject" time="4.987"/>
  <testcase classname="com.sgtesting.testngbasic.BasicScenarioTestNG5" name="deletecustomer" time="5.848"/>
  <testcase classname="com.sgtesting.testngbasic.BasicScenarioTestNG5" name="logout" time="1.45"/>
  <testcase classname="com.sgtesting.testngbasic.BasicScenarioTestNG5" name="closeapplication" time="0.659"/>
  <testcase classname="com.sgtesting.testngbasic.BasicScenarioTestNG6" name="launchbroswer" time="2.774"/>
  <testcase classname="com.sgtesting.testngbasic.BasicScenarioTestNG6" name="navigate" time="1.881"/>
  <testcase classname="com.sgtesting.testngbasic.BasicScenarioTestNG6" name="login" time="3.397"/>
  <testcase classname="com.sgtesting.testngbasic.BasicScenarioTestNG6" name="minimizeflyout" time="3.212"/>
  <testcase classname="com.sgtesting.testngbasic.BasicScenarioTestNG6" name="createcustomer" time="6.094"/>
  <testcase classname="com.sgtesting.testngbasic.BasicScenarioTestNG6" name="createproject" time="5.546"/>
  <testcase classname="com.sgtesting.testngbasic.BasicScenarioTestNG6" name="modifyproject" time="5.893"/>
  <testcase classname="com.sgtesting.testngbasic.BasicScenarioTestNG6" name="DeleteProject" time="4.689"/>
  <testcase classname="com.sgtesting.testngbasic.BasicScenarioTestNG6" name="deletecustomer" time="5.754"/>
  <testcase classname="com.sgtesting.testngbasic.BasicScenarioTestNG6" name="logout" time="1.46"/>
  <testcase classname="com.sgtesting.testngbasic.BasicScenarioTestNG6" name="closeapplication" time="0.643"/>
  <testcase classname="com.sgtesting.testngbasic.BasicScenarioTestNG7" name="launchbroswer" time="3.001"/>
  <testcase classname="com.sgtesting.testngbasic.BasicScenarioTestNG7" name="navigate" time="1.735"/>
  <testcase classname="com.sgtesting.testngbasic.BasicScenarioTestNG7" name="login" time="3.38"/>
  <testcase classname="com.sgtesting.testngbasic.BasicScenarioTestNG7" name="minimizeflyout" time="2.619"/>
  <testcase classname="com.sgtesting.testngbasic.BasicScenarioTestNG7" name="createcustomer" time="7.143"/>
  <testcase classname="com.sgtesting.testngbasic.BasicScenarioTestNG7" name="createproject" time="5.829"/>
  <testcase classname="com.sgtesting.testngbasic.BasicScenarioTestNG7" name="createtask" time="4.741"/>
  <testcase classname="com.sgtesting.testngbasic.BasicScenarioTestNG7" name="deletetask" time="4.693"/>
  <testcase classname="com.sgtesting.testngbasic.BasicScenarioTestNG7" name="DeleteProject" time="4.743"/>
  <testcase classname="com.sgtesting.testngbasic.BasicScenarioTestNG7" name="deletecustomer" time="5.577"/>
  <testcase classname="com.sgtesting.testngbasic.BasicScenarioTestNG7" name="logout" time="1.457"/>
  <testcase classname="com.sgtesting.testngbasic.BasicScenarioTestNG7" name="closeapplication" time="0.734"/>
  <testcase classname="com.sgtesting.advancescenariotestng.AdvanceScenarioTestng1" name="launchbrowser" time="2.253"/>
  <testcase classname="com.sgtesting.advancescenariotestng.AdvanceScenarioTestng1" name="navigate" time="2.989"/>
  <testcase classname="com.sgtesting.advancescenariotestng.AdvanceScenarioTestng1" name="loginasadmin" time="4.421"/>
  <testcase classname="com.sgtesting.advancescenariotestng.AdvanceScenarioTestng1" name="minimizeflyout" time="2.382"/>
  <testcase classname="com.sgtesting.advancescenariotestng.AdvanceScenarioTestng1" name="createuser1" time="14.25"/>
  <testcase classname="com.sgtesting.advancescenariotestng.AdvanceScenarioTestng1" name="createuser2" time="9.381"/>
  <testcase classname="com.sgtesting.advancescenariotestng.AdvanceScenarioTestng1" name="createuser3" time="10.474"/>
  <testcase classname="com.sgtesting.advancescenariotestng.AdvanceScenarioTestng1" name="logout1" time="2.072"/>
  <testcase classname="com.sgtesting.advancescenariotestng.AdvanceScenarioTestng1" name="loginasuser1" time="10.647"/>
  <testcase classname="com.sgtesting.advancescenariotestng.AdvanceScenarioTestng1" name="logoutasuser1" time="1.416"/>
  <testcase classname="com.sgtesting.advancescenariotestng.AdvanceScenarioTestng1" name="loginasuser2" time="6.051"/>
  <testcase classname="com.sgtesting.advancescenariotestng.AdvanceScenarioTestng1" name="logoutasuser2" time="1.411"/>
  <testcase classname="com.sgtesting.advancescenariotestng.AdvanceScenarioTestng1" name="loginasuser3" time="6.116"/>
  <testcase classname="com.sgtesting.advancescenariotestng.AdvanceScenarioTestng1" name="logoutasuser3" time="1.38"/>
  <testcase classname="com.sgtesting.advancescenariotestng.AdvanceScenarioTestng1" name="loginasadmin11" time="4.494"/>
  <testcase classname="com.sgtesting.advancescenariotestng.AdvanceScenarioTestng1" name="modifypwduser1" time="8.81"/>
  <testcase classname="com.sgtesting.advancescenariotestng.AdvanceScenarioTestng1" name="modifypwduser2" time="4.748"/>
  <testcase classname="com.sgtesting.advancescenariotestng.AdvanceScenarioTestng1" name="modifypwduser3" time="4.738"/>
  <testcase classname="com.sgtesting.advancescenariotestng.AdvanceScenarioTestng1" name="logout2" time="1.476"/>
  <testcase classname="com.sgtesting.advancescenariotestng.AdvanceScenarioTestng1" name="loginwithmodifypwduser1" time="3.541"/>
  <testcase classname="com.sgtesting.advancescenariotestng.AdvanceScenarioTestng1" name="logoutasuser11" time="1.346"/>
  <testcase classname="com.sgtesting.advancescenariotestng.AdvanceScenarioTestng1" name="loginwithmodifypwduser2" time="3.527"/>
  <testcase classname="com.sgtesting.advancescenariotestng.AdvanceScenarioTestng1" name="logoutasuser22" time="1.426"/>
  <testcase classname="com.sgtesting.advancescenariotestng.AdvanceScenarioTestng1" name="loginwithmodifypwduser3" time="3.539"/>
  <testcase classname="com.sgtesting.advancescenariotestng.AdvanceScenarioTestng1" name="logoutasuser33" time="1.458"/>
  <testcase classname="com.sgtesting.advancescenariotestng.AdvanceScenarioTestng1" name="loginasadmin1" time="4.455"/>
  <testcase classname="com.sgtesting.advancescenariotestng.AdvanceScenarioTestng1" name="Deleteuser1" time="6.14"/>
  <testcase classname="com.sgtesting.advancescenariotestng.AdvanceScenarioTestng1" name="Deleteuser2" time="4.278"/>
  <testcase classname="com.sgtesting.advancescenariotestng.AdvanceScenarioTestng1" name="Deleteuser3" time="4.317"/>
  <testcase classname="com.sgtesting.advancescenariotestng.AdvanceScenarioTestng1" name="logoutasadmin2" time="1.43"/>
  <testcase classname="com.sgtesting.advancescenariotestng.AdvanceScenarioTestng1" name="closeapplication" time="2.849"/>
  <testcase classname="com.sgtesting.advancescenariotestng.AdvanceScenarioTestng2" name="launchbrowser" time="2.147"/>
  <testcase classname="com.sgtesting.advancescenariotestng.AdvanceScenarioTestng2" name="navigate" time="2.891"/>
  <testcase classname="com.sgtesting.advancescenariotestng.AdvanceScenarioTestng2" name="loginasadmin1" time="4.557"/>
  <testcase classname="com.sgtesting.advancescenariotestng.AdvanceScenarioTestng2" name="minimizeflyout" time="1.165"/>
  <testcase classname="com.sgtesting.advancescenariotestng.AdvanceScenarioTestng2" name="createuser1" time="15.177"/>
  <testcase classname="com.sgtesting.advancescenariotestng.AdvanceScenarioTestng2" name="logout1" time="2.435"/>
  <testcase classname="com.sgtesting.advancescenariotestng.AdvanceScenarioTestng2" name="loginasuser1" time="14.892"/>
  <testcase classname="com.sgtesting.advancescenariotestng.AdvanceScenarioTestng2" name="createuser2" time="11.602"/>
  <testcase classname="com.sgtesting.advancescenariotestng.AdvanceScenarioTestng2" name="logoutasuser1" time="1.452"/>
  <testcase classname="com.sgtesting.advancescenariotestng.AdvanceScenarioTestng2" name="loginasuser2" time="6.527"/>
  <testcase classname="com.sgtesting.advancescenariotestng.AdvanceScenarioTestng2" name="createuser3" time="12.387"/>
  <testcase classname="com.sgtesting.advancescenariotestng.AdvanceScenarioTestng2" name="logoutasuser2" time="1.457"/>
  <testcase classname="com.sgtesting.advancescenariotestng.AdvanceScenarioTestng2" name="loginasuser3" time="7.53"/>
  <testcase classname="com.sgtesting.advancescenariotestng.AdvanceScenarioTestng2" name="logoutasuser3" time="1.41"/>
  <testcase classname="com.sgtesting.advancescenariotestng.AdvanceScenarioTestng2" name="loginasuser22" time="3.563"/>
  <testcase classname="com.sgtesting.advancescenariotestng.AdvanceScenarioTestng2" name="modifypwduser3" time="6.761"/>
  <testcase classname="com.sgtesting.advancescenariotestng.AdvanceScenarioTestng2" name="logoutasuser22" time="1.471"/>
  <testcase classname="com.sgtesting.advancescenariotestng.AdvanceScenarioTestng2" name="loginwithmodifypwduser3" time="3.539"/>
  <testcase classname="com.sgtesting.advancescenariotestng.AdvanceScenarioTestng2" name="logoutasuser33" time="1.406"/>
  <testcase classname="com.sgtesting.advancescenariotestng.AdvanceScenarioTestng2" name="loginasuser11" time="3.517"/>
  <testcase classname="com.sgtesting.advancescenariotestng.AdvanceScenarioTestng2" name="modifypwduser2" time="6.619"/>
  <testcase classname="com.sgtesting.advancescenariotestng.AdvanceScenarioTestng2" name="logoutasuser11" time="1.527"/>
  <testcase classname="com.sgtesting.advancescenariotestng.AdvanceScenarioTestng2" name="loginwithmodifypwduser2" time="3.43"/>
  <testcase classname="com.sgtesting.advancescenariotestng.AdvanceScenarioTestng2" name="logoutasuser222" time="1.401"/>
  <testcase classname="com.sgtesting.advancescenariotestng.AdvanceScenarioTestng2" name="loginasadmin11" time="4.439"/>
  <testcase classname="com.sgtesting.advancescenariotestng.AdvanceScenarioTestng2" name="modifypwduser1" time="7.648"/>
  <testcase classname="com.sgtesting.advancescenariotestng.AdvanceScenarioTestng2" name="logoutasadmin2" time="1.527"/>
  <testcase classname="com.sgtesting.advancescenariotestng.AdvanceScenarioTestng2" name="loginwithmodifypwduser1" time="3.556"/>
  <testcase classname="com.sgtesting.advancescenariotestng.AdvanceScenarioTestng2" name="logoutasuser111" time="1.676"/>
  <testcase classname="com.sgtesting.advancescenariotestng.AdvanceScenarioTestng2" name="loginwithmodifypwduser22" time="3.4"/>
  <testcase classname="com.sgtesting.advancescenariotestng.AdvanceScenarioTestng2" name="Deleteuser3" time="6.217"/>
  <testcase classname="com.sgtesting.advancescenariotestng.AdvanceScenarioTestng2" name="logoutasuser333" time="1.462"/>
  <testcase classname="com.sgtesting.advancescenariotestng.AdvanceScenarioTestng2" name="loginwithmodifypwduser11" time="3.508"/>
  <testcase classname="com.sgtesting.advancescenariotestng.AdvanceScenarioTestng2" name="Deleteuser2" time="4.114"/>
  <testcase classname="com.sgtesting.advancescenariotestng.AdvanceScenarioTestng2" name="logoutasuser1111" time="1.152"/>
  <testcase classname="com.sgtesting.advancescenariotestng.AdvanceScenarioTestng2" name="loginasadmin22" time="1.265"/>
  <testcase classname="com.sgtesting.advancescenariotestng.AdvanceScenarioTestng2" name="Deleteuser1" time="1.153"/>
  <testcase classname="com.sgtesting.advancescenariotestng.AdvanceScenarioTestng2" name="logoutasadmin33" time="1.127"/>
  <testcase classname="com.sgtesting.advancescenariotestng.AdvanceScenarioTestng2" name="closeapplication" time="2.659"/>
</testsuite> <!-- BasicandAdvancescenarioDemo -->
