<?xml version="1.0" encoding="UTF-8"?>
<!-- Generated by org.testng.reporters.JUnitXMLReporter -->
<testsuite ignored="0" hostname="LAPTOP-DILGNM6O" failures="0" tests="70" name="AdvancescenarioDemo" time="318.385" errors="0" timestamp="2022-06-14T14:52:26 IST">
  <testcase classname="com.sgtesting.advancescenariotestng.AdvanceScenarioTestng1" name="launchbrowser" time="3.501"/>
  <testcase classname="com.sgtesting.advancescenariotestng.AdvanceScenarioTestng1" name="navigate" time="3.536"/>
  <testcase classname="com.sgtesting.advancescenariotestng.AdvanceScenarioTestng1" name="loginasadmin" time="4.57"/>
  <testcase classname="com.sgtesting.advancescenariotestng.AdvanceScenarioTestng1" name="minimizeflyout" time="1.239"/>
  <testcase classname="com.sgtesting.advancescenariotestng.AdvanceScenarioTestng1" name="createuser1" time="14.819"/>
  <testcase classname="com.sgtesting.advancescenariotestng.AdvanceScenarioTestng1" name="createuser2" time="9.475"/>
  <testcase classname="com.sgtesting.advancescenariotestng.AdvanceScenarioTestng1" name="createuser3" time="10.307"/>
  <testcase classname="com.sgtesting.advancescenariotestng.AdvanceScenarioTestng1" name="logout1" time="1.427"/>
  <testcase classname="com.sgtesting.advancescenariotestng.AdvanceScenarioTestng1" name="loginasuser1" time="8.044"/>
  <testcase classname="com.sgtesting.advancescenariotestng.AdvanceScenarioTestng1" name="logoutasuser1" time="1.294"/>
  <testcase classname="com.sgtesting.advancescenariotestng.AdvanceScenarioTestng1" name="loginasuser2" time="6.379"/>
  <testcase classname="com.sgtesting.advancescenariotestng.AdvanceScenarioTestng1" name="logoutasuser2" time="1.28"/>
  <testcase classname="com.sgtesting.advancescenariotestng.AdvanceScenarioTestng1" name="loginasuser3" time="6.003"/>
  <testcase classname="com.sgtesting.advancescenariotestng.AdvanceScenarioTestng1" name="logoutasuser3" time="1.414"/>
  <testcase classname="com.sgtesting.advancescenariotestng.AdvanceScenarioTestng1" name="loginasadmin11" time="4.475"/>
  <testcase classname="com.sgtesting.advancescenariotestng.AdvanceScenarioTestng1" name="modifypwduser1" time="7.853"/>
  <testcase classname="com.sgtesting.advancescenariotestng.AdvanceScenarioTestng1" name="modifypwduser2" time="4.678"/>
  <testcase classname="com.sgtesting.advancescenariotestng.AdvanceScenarioTestng1" name="modifypwduser3" time="4.639"/>
  <testcase classname="com.sgtesting.advancescenariotestng.AdvanceScenarioTestng1" name="logout2" time="1.484"/>
  <testcase classname="com.sgtesting.advancescenariotestng.AdvanceScenarioTestng1" name="loginwithmodifypwduser1" time="3.433"/>
  <testcase classname="com.sgtesting.advancescenariotestng.AdvanceScenarioTestng1" name="logoutasuser11" time="1.626"/>
  <testcase classname="com.sgtesting.advancescenariotestng.AdvanceScenarioTestng1" name="loginwithmodifypwduser2" time="3.526"/>
  <testcase classname="com.sgtesting.advancescenariotestng.AdvanceScenarioTestng1" name="logoutasuser22" time="1.401"/>
  <testcase classname="com.sgtesting.advancescenariotestng.AdvanceScenarioTestng1" name="loginwithmodifypwduser3" time="3.504"/>
  <testcase classname="com.sgtesting.advancescenariotestng.AdvanceScenarioTestng1" name="logoutasuser33" time="1.452"/>
  <testcase classname="com.sgtesting.advancescenariotestng.AdvanceScenarioTestng1" name="loginasadmin1" time="4.457"/>
  <testcase classname="com.sgtesting.advancescenariotestng.AdvanceScenarioTestng1" name="Deleteuser1" time="6.07"/>
  <testcase classname="com.sgtesting.advancescenariotestng.AdvanceScenarioTestng1" name="Deleteuser2" time="4.385"/>
  <testcase classname="com.sgtesting.advancescenariotestng.AdvanceScenarioTestng1" name="Deleteuser3" time="4.245"/>
  <testcase classname="com.sgtesting.advancescenariotestng.AdvanceScenarioTestng1" name="logoutasadmin2" time="1.509"/>
  <testcase classname="com.sgtesting.advancescenariotestng.AdvanceScenarioTestng1" name="closeapplication" time="2.821"/>
  <testcase classname="com.sgtesting.advancescenariotestng.AdvanceScenarioTestng2" name="launchbrowser" time="2.428"/>
  <testcase classname="com.sgtesting.advancescenariotestng.AdvanceScenarioTestng2" name="navigate" time="4.53"/>
  <testcase classname="com.sgtesting.advancescenariotestng.AdvanceScenarioTestng2" name="loginasadmin1" time="4.485"/>
  <testcase classname="com.sgtesting.advancescenariotestng.AdvanceScenarioTestng2" name="minimizeflyout" time="1.17"/>
  <testcase classname="com.sgtesting.advancescenariotestng.AdvanceScenarioTestng2" name="createuser1" time="13.038"/>
  <testcase classname="com.sgtesting.advancescenariotestng.AdvanceScenarioTestng2" name="logout1" time="1.552"/>
  <testcase classname="com.sgtesting.advancescenariotestng.AdvanceScenarioTestng2" name="loginasuser1" time="10.498"/>
  <testcase classname="com.sgtesting.advancescenariotestng.AdvanceScenarioTestng2" name="createuser2" time="11.161"/>
  <testcase classname="com.sgtesting.advancescenariotestng.AdvanceScenarioTestng2" name="logoutasuser1" time="1.468"/>
  <testcase classname="com.sgtesting.advancescenariotestng.AdvanceScenarioTestng2" name="loginasuser2" time="22.859"/>
  <testcase classname="com.sgtesting.advancescenariotestng.AdvanceScenarioTestng2" name="createuser3" time="12.322"/>
  <testcase classname="com.sgtesting.advancescenariotestng.AdvanceScenarioTestng2" name="logoutasuser2" time="1.344"/>
  <testcase classname="com.sgtesting.advancescenariotestng.AdvanceScenarioTestng2" name="loginasuser3" time="6.409"/>
  <testcase classname="com.sgtesting.advancescenariotestng.AdvanceScenarioTestng2" name="logoutasuser3" time="1.463"/>
  <testcase classname="com.sgtesting.advancescenariotestng.AdvanceScenarioTestng2" name="loginasuser22" time="3.41"/>
  <testcase classname="com.sgtesting.advancescenariotestng.AdvanceScenarioTestng2" name="modifypwduser3" time="6.821"/>
  <testcase classname="com.sgtesting.advancescenariotestng.AdvanceScenarioTestng2" name="logoutasuser22" time="1.387"/>
  <testcase classname="com.sgtesting.advancescenariotestng.AdvanceScenarioTestng2" name="loginwithmodifypwduser3" time="3.447"/>
  <testcase classname="com.sgtesting.advancescenariotestng.AdvanceScenarioTestng2" name="logoutasuser33" time="1.374"/>
  <testcase classname="com.sgtesting.advancescenariotestng.AdvanceScenarioTestng2" name="loginasuser11" time="3.536"/>
  <testcase classname="com.sgtesting.advancescenariotestng.AdvanceScenarioTestng2" name="modifypwduser2" time="6.453"/>
  <testcase classname="com.sgtesting.advancescenariotestng.AdvanceScenarioTestng2" name="logoutasuser11" time="1.447"/>
  <testcase classname="com.sgtesting.advancescenariotestng.AdvanceScenarioTestng2" name="loginwithmodifypwduser2" time="3.529"/>
  <testcase classname="com.sgtesting.advancescenariotestng.AdvanceScenarioTestng2" name="logoutasuser222" time="1.414"/>
  <testcase classname="com.sgtesting.advancescenariotestng.AdvanceScenarioTestng2" name="loginasadmin11" time="4.574"/>
  <testcase classname="com.sgtesting.advancescenariotestng.AdvanceScenarioTestng2" name="modifypwduser1" time="7.647"/>
  <testcase classname="com.sgtesting.advancescenariotestng.AdvanceScenarioTestng2" name="logoutasadmin2" time="1.402"/>
  <testcase classname="com.sgtesting.advancescenariotestng.AdvanceScenarioTestng2" name="loginwithmodifypwduser1" time="3.512"/>
  <testcase classname="com.sgtesting.advancescenariotestng.AdvanceScenarioTestng2" name="logoutasuser111" time="1.536"/>
  <testcase classname="com.sgtesting.advancescenariotestng.AdvanceScenarioTestng2" name="loginwithmodifypwduser22" time="3.48"/>
  <testcase classname="com.sgtesting.advancescenariotestng.AdvanceScenarioTestng2" name="Deleteuser3" time="6.175"/>
  <testcase classname="com.sgtesting.advancescenariotestng.AdvanceScenarioTestng2" name="logoutasuser333" time="1.405"/>
  <testcase classname="com.sgtesting.advancescenariotestng.AdvanceScenarioTestng2" name="loginwithmodifypwduser11" time="3.492"/>
  <testcase classname="com.sgtesting.advancescenariotestng.AdvanceScenarioTestng2" name="Deleteuser2" time="6.237"/>
  <testcase classname="com.sgtesting.advancescenariotestng.AdvanceScenarioTestng2" name="logoutasuser1111" time="1.374"/>
  <testcase classname="com.sgtesting.advancescenariotestng.AdvanceScenarioTestng2" name="loginasadmin22" time="4.468"/>
  <testcase classname="com.sgtesting.advancescenariotestng.AdvanceScenarioTestng2" name="Deleteuser1" time="6.257"/>
  <testcase classname="com.sgtesting.advancescenariotestng.AdvanceScenarioTestng2" name="logoutasadmin33" time="1.418"/>
  <testcase classname="com.sgtesting.advancescenariotestng.AdvanceScenarioTestng2" name="closeapplication" time="2.669"/>
</testsuite> <!-- AdvancescenarioDemo -->
