<?xml version="1.0" encoding="UTF-8"?>
<testng-results ignored="0" total="137" passed="137" failed="0" skipped="0">
  <reporter-output>
  </reporter-output>
  <suite started-at="2022-06-14T15:08:49 IST" name="ActiTImeTestNGAutomation" finished-at="2022-06-14T15:18:04 IST" duration-ms="555190">
    <groups>
    </groups>
    <test started-at="2022-06-14T15:08:49 IST" name="BasicandAdvancescenarioDemo" finished-at="2022-06-14T15:18:04 IST" duration-ms="555190">
      <class name="com.sgtesting.testngbasic.BasicScenarioTestNG1">
        <test-method signature="launchbrowser()[pri:1, instance:com.sgtesting.testngbasic.BasicScenarioTestNG1@5562c41e]" started-at="2022-06-14T15:08:49 IST" name="launchbrowser" finished-at="2022-06-14T15:08:55 IST" duration-ms="5535" status="PASS">
          <reporter-output>
          </reporter-output>
        </test-method> <!-- launchbrowser -->
        <test-method signature="navigate()[pri:2, instance:com.sgtesting.testngbasic.BasicScenarioTestNG1@5562c41e]" started-at="2022-06-14T15:08:55 IST" name="navigate" finished-at="2022-06-14T15:08:58 IST" duration-ms="2928" status="PASS">
          <reporter-output>
          </reporter-output>
        </test-method> <!-- navigate -->
        <test-method signature="login(java.lang.String,java.lang.String)[pri:3, instance:com.sgtesting.testngbasic.BasicScenarioTestNG1@5562c41e]" started-at="2022-06-14T15:08:58 IST" name="login" data-provider="logindetails" finished-at="2022-06-14T15:09:01 IST" duration-ms="3320" status="PASS">
          <params>
            <param index="0">
              <value>
                <![CDATA[admin]]>
              </value>
            </param>
            <param index="1">
              <value>
                <![CDATA[manager]]>
              </value>
            </param>
          </params>
          <reporter-output>
          </reporter-output>
        </test-method> <!-- login -->
        <test-method signature="minimizeflyout()[pri:4, instance:com.sgtesting.testngbasic.BasicScenarioTestNG1@5562c41e]" started-at="2022-06-14T15:09:01 IST" name="minimizeflyout" finished-at="2022-06-14T15:09:04 IST" duration-ms="3044" status="PASS">
          <reporter-output>
          </reporter-output>
        </test-method> <!-- minimizeflyout -->
        <test-method signature="createuser(java.lang.String,java.lang.String,java.lang.String,java.lang.String,java.lang.String,java.lang.String)[pri:5, instance:com.sgtesting.testngbasic.BasicScenarioTestNG1@5562c41e]" started-at="2022-06-14T15:09:04 IST" name="createuser" data-provider="userdetails" finished-at="2022-06-14T15:09:15 IST" duration-ms="11526" status="PASS">
          <params>
            <param index="0">
              <value>
                <![CDATA[Demo]]>
              </value>
            </param>
            <param index="1">
              <value>
                <![CDATA[user1]]>
              </value>
            </param>
            <param index="2">
              <value>
                <![CDATA[Demouser1@gmail.com]]>
              </value>
            </param>
            <param index="3">
              <value>
                <![CDATA[Demouser1]]>
              </value>
            </param>
            <param index="4">
              <value>
                <![CDATA[Demouser1]]>
              </value>
            </param>
            <param index="5">
              <value>
                <![CDATA[Demouser1]]>
              </value>
            </param>
          </params>
          <reporter-output>
          </reporter-output>
        </test-method> <!-- createuser -->
        <test-method signature="deleteuser()[pri:5, instance:com.sgtesting.testngbasic.BasicScenarioTestNG1@5562c41e]" started-at="2022-06-14T15:09:15 IST" name="deleteuser" finished-at="2022-06-14T15:09:20 IST" duration-ms="4446" status="PASS">
          <reporter-output>
          </reporter-output>
        </test-method> <!-- deleteuser -->
        <test-method signature="logout()[pri:6, instance:com.sgtesting.testngbasic.BasicScenarioTestNG1@5562c41e]" started-at="2022-06-14T15:09:20 IST" name="logout" finished-at="2022-06-14T15:09:22 IST" duration-ms="2415" status="PASS">
          <reporter-output>
          </reporter-output>
        </test-method> <!-- logout -->
        <test-method signature="closeapplication()[pri:7, instance:com.sgtesting.testngbasic.BasicScenarioTestNG1@5562c41e]" started-at="2022-06-14T15:09:22 IST" name="closeapplication" finished-at="2022-06-14T15:09:24 IST" duration-ms="1918" status="PASS">
          <reporter-output>
          </reporter-output>
        </test-method> <!-- closeapplication -->
      </class> <!-- com.sgtesting.testngbasic.BasicScenarioTestNG1 -->
      <class name="com.sgtesting.testngbasic.BasicScenarioTestNG6">
        <test-method signature="launchbroswer()[pri:1, instance:com.sgtesting.testngbasic.BasicScenarioTestNG6@618425b5]" started-at="2022-06-14T15:11:35 IST" name="launchbroswer" finished-at="2022-06-14T15:11:38 IST" duration-ms="2774" status="PASS">
          <reporter-output>
          </reporter-output>
        </test-method> <!-- launchbroswer -->
        <test-method signature="navigate()[pri:2, instance:com.sgtesting.testngbasic.BasicScenarioTestNG6@618425b5]" started-at="2022-06-14T15:11:38 IST" name="navigate" finished-at="2022-06-14T15:11:40 IST" duration-ms="1881" status="PASS">
          <reporter-output>
          </reporter-output>
        </test-method> <!-- navigate -->
        <test-method signature="login(java.lang.String,java.lang.String)[pri:3, instance:com.sgtesting.testngbasic.BasicScenarioTestNG6@618425b5]" started-at="2022-06-14T15:11:40 IST" name="login" data-provider="logindetails" finished-at="2022-06-14T15:11:43 IST" duration-ms="3397" status="PASS">
          <params>
            <param index="0">
              <value>
                <![CDATA[admin]]>
              </value>
            </param>
            <param index="1">
              <value>
                <![CDATA[manager]]>
              </value>
            </param>
          </params>
          <reporter-output>
          </reporter-output>
        </test-method> <!-- login -->
        <test-method signature="minimizeflyout()[pri:4, instance:com.sgtesting.testngbasic.BasicScenarioTestNG6@618425b5]" started-at="2022-06-14T15:11:43 IST" name="minimizeflyout" finished-at="2022-06-14T15:11:47 IST" duration-ms="3212" status="PASS">
          <reporter-output>
          </reporter-output>
        </test-method> <!-- minimizeflyout -->
        <test-method signature="createcustomer(java.lang.String)[pri:5, instance:com.sgtesting.testngbasic.BasicScenarioTestNG6@618425b5]" started-at="2022-06-14T15:11:47 IST" name="createcustomer" data-provider="customerdetails" finished-at="2022-06-14T15:11:53 IST" duration-ms="6094" status="PASS">
          <params>
            <param index="0">
              <value>
                <![CDATA[Google]]>
              </value>
            </param>
          </params>
          <reporter-output>
          </reporter-output>
        </test-method> <!-- createcustomer -->
        <test-method signature="createproject(java.lang.String)[pri:6, instance:com.sgtesting.testngbasic.BasicScenarioTestNG6@618425b5]" started-at="2022-06-14T15:11:53 IST" name="createproject" data-provider="projectdetails" finished-at="2022-06-14T15:11:58 IST" duration-ms="5546" status="PASS">
          <params>
            <param index="0">
              <value>
                <![CDATA[Banking]]>
              </value>
            </param>
          </params>
          <reporter-output>
          </reporter-output>
        </test-method> <!-- createproject -->
        <test-method signature="modifyproject(java.lang.String)[pri:7, instance:com.sgtesting.testngbasic.BasicScenarioTestNG6@618425b5]" started-at="2022-06-14T15:11:58 IST" name="modifyproject" data-provider="modifyprojectdetails" finished-at="2022-06-14T15:12:04 IST" duration-ms="5893" status="PASS">
          <params>
            <param index="0">
              <value>
                <![CDATA[Health]]>
              </value>
            </param>
          </params>
          <reporter-output>
          </reporter-output>
        </test-method> <!-- modifyproject -->
        <test-method signature="DeleteProject()[pri:8, instance:com.sgtesting.testngbasic.BasicScenarioTestNG6@618425b5]" started-at="2022-06-14T15:12:04 IST" name="DeleteProject" finished-at="2022-06-14T15:12:09 IST" duration-ms="4689" status="PASS">
          <reporter-output>
          </reporter-output>
        </test-method> <!-- DeleteProject -->
        <test-method signature="deletecustomer()[pri:9, instance:com.sgtesting.testngbasic.BasicScenarioTestNG6@618425b5]" started-at="2022-06-14T15:12:09 IST" name="deletecustomer" finished-at="2022-06-14T15:12:15 IST" duration-ms="5754" status="PASS">
          <reporter-output>
          </reporter-output>
        </test-method> <!-- deletecustomer -->
        <test-method signature="logout()[pri:10, instance:com.sgtesting.testngbasic.BasicScenarioTestNG6@618425b5]" started-at="2022-06-14T15:12:15 IST" name="logout" finished-at="2022-06-14T15:12:16 IST" duration-ms="1460" status="PASS">
          <reporter-output>
          </reporter-output>
        </test-method> <!-- logout -->
        <test-method signature="closeapplication()[pri:11, instance:com.sgtesting.testngbasic.BasicScenarioTestNG6@618425b5]" started-at="2022-06-14T15:12:16 IST" name="closeapplication" finished-at="2022-06-14T15:12:17 IST" duration-ms="643" status="PASS">
          <reporter-output>
          </reporter-output>
        </test-method> <!-- closeapplication -->
      </class> <!-- com.sgtesting.testngbasic.BasicScenarioTestNG6 -->
      <class name="com.sgtesting.testngbasic.BAsicScenarioTestNG2">
        <test-method signature="launchbrowser()[pri:1, instance:com.sgtesting.testngbasic.BAsicScenarioTestNG2@66d3eec0]" started-at="2022-06-14T15:09:24 IST" name="launchbrowser" finished-at="2022-06-14T15:09:27 IST" duration-ms="2797" status="PASS">
          <reporter-output>
          </reporter-output>
        </test-method> <!-- launchbrowser -->
        <test-method signature="navigate()[pri:2, instance:com.sgtesting.testngbasic.BAsicScenarioTestNG2@66d3eec0]" started-at="2022-06-14T15:09:27 IST" name="navigate" finished-at="2022-06-14T15:09:29 IST" duration-ms="2404" status="PASS">
          <reporter-output>
          </reporter-output>
        </test-method> <!-- navigate -->
        <test-method signature="login(java.lang.String,java.lang.String)[pri:3, instance:com.sgtesting.testngbasic.BAsicScenarioTestNG2@66d3eec0]" started-at="2022-06-14T15:09:29 IST" name="login" data-provider="logindetails" finished-at="2022-06-14T15:09:33 IST" duration-ms="3557" status="PASS">
          <params>
            <param index="0">
              <value>
                <![CDATA[admin]]>
              </value>
            </param>
            <param index="1">
              <value>
                <![CDATA[manager]]>
              </value>
            </param>
          </params>
          <reporter-output>
          </reporter-output>
        </test-method> <!-- login -->
        <test-method signature="minimizeflyout()[pri:4, instance:com.sgtesting.testngbasic.BAsicScenarioTestNG2@66d3eec0]" started-at="2022-06-14T15:09:33 IST" name="minimizeflyout" finished-at="2022-06-14T15:09:35 IST" duration-ms="2345" status="PASS">
          <reporter-output>
          </reporter-output>
        </test-method> <!-- minimizeflyout -->
        <test-method signature="createuser(java.lang.String,java.lang.String,java.lang.String,java.lang.String,java.lang.String,java.lang.String)[pri:5, instance:com.sgtesting.testngbasic.BAsicScenarioTestNG2@66d3eec0]" started-at="2022-06-14T15:09:35 IST" name="createuser" data-provider="userdetails" finished-at="2022-06-14T15:09:49 IST" duration-ms="13518" status="PASS">
          <params>
            <param index="0">
              <value>
                <![CDATA[demo]]>
              </value>
            </param>
            <param index="1">
              <value>
                <![CDATA[user1]]>
              </value>
            </param>
            <param index="2">
              <value>
                <![CDATA[demouser1@gmail.com]]>
              </value>
            </param>
            <param index="3">
              <value>
                <![CDATA[Demouser1]]>
              </value>
            </param>
            <param index="4">
              <value>
                <![CDATA[Demouser1]]>
              </value>
            </param>
            <param index="5">
              <value>
                <![CDATA[Demouser1]]>
              </value>
            </param>
          </params>
          <reporter-output>
          </reporter-output>
        </test-method> <!-- createuser -->
        <test-method signature="Modifyuser(java.lang.String)[pri:6, instance:com.sgtesting.testngbasic.BAsicScenarioTestNG2@66d3eec0]" started-at="2022-06-14T15:09:49 IST" name="Modifyuser" data-provider="modifyusername" finished-at="2022-06-14T15:09:54 IST" duration-ms="4751" status="PASS">
          <params>
            <param index="0">
              <value>
                <![CDATA[Sample]]>
              </value>
            </param>
          </params>
          <reporter-output>
          </reporter-output>
        </test-method> <!-- Modifyuser -->
        <test-method signature="deleteuser()[pri:7, instance:com.sgtesting.testngbasic.BAsicScenarioTestNG2@66d3eec0]" started-at="2022-06-14T15:09:54 IST" name="deleteuser" finished-at="2022-06-14T15:09:58 IST" duration-ms="4375" status="PASS">
          <reporter-output>
          </reporter-output>
        </test-method> <!-- deleteuser -->
        <test-method signature="Logout()[pri:8, instance:com.sgtesting.testngbasic.BAsicScenarioTestNG2@66d3eec0]" started-at="2022-06-14T15:09:58 IST" name="Logout" finished-at="2022-06-14T15:10:01 IST" duration-ms="3390" status="PASS">
          <reporter-output>
          </reporter-output>
        </test-method> <!-- Logout -->
        <test-method signature="closeapplication()[pri:9, instance:com.sgtesting.testngbasic.BAsicScenarioTestNG2@66d3eec0]" started-at="2022-06-14T15:10:01 IST" name="closeapplication" finished-at="2022-06-14T15:10:04 IST" duration-ms="2229" status="PASS">
          <reporter-output>
          </reporter-output>
        </test-method> <!-- closeapplication -->
      </class> <!-- com.sgtesting.testngbasic.BAsicScenarioTestNG2 -->
      <class name="com.sgtesting.testngbasic.BasicScenarioTestNG5">
        <test-method signature="launchbroswer()[pri:1, instance:com.sgtesting.testngbasic.BasicScenarioTestNG5@18d87d80]" started-at="2022-06-14T15:10:58 IST" name="launchbroswer" finished-at="2022-06-14T15:11:00 IST" duration-ms="1988" status="PASS">
          <reporter-output>
          </reporter-output>
        </test-method> <!-- launchbroswer -->
        <test-method signature="navigate()[pri:2, instance:com.sgtesting.testngbasic.BasicScenarioTestNG5@18d87d80]" started-at="2022-06-14T15:11:00 IST" name="navigate" finished-at="2022-06-14T15:11:02 IST" duration-ms="1845" status="PASS">
          <reporter-output>
          </reporter-output>
        </test-method> <!-- navigate -->
        <test-method signature="login(java.lang.String,java.lang.String)[pri:3, instance:com.sgtesting.testngbasic.BasicScenarioTestNG5@18d87d80]" started-at="2022-06-14T15:11:02 IST" name="login" data-provider="logindetails" finished-at="2022-06-14T15:11:06 IST" duration-ms="3368" status="PASS">
          <params>
            <param index="0">
              <value>
                <![CDATA[admin]]>
              </value>
            </param>
            <param index="1">
              <value>
                <![CDATA[manager]]>
              </value>
            </param>
          </params>
          <reporter-output>
          </reporter-output>
        </test-method> <!-- login -->
        <test-method signature="minimizeflyout()[pri:4, instance:com.sgtesting.testngbasic.BasicScenarioTestNG5@18d87d80]" started-at="2022-06-14T15:11:06 IST" name="minimizeflyout" finished-at="2022-06-14T15:11:09 IST" duration-ms="3642" status="PASS">
          <reporter-output>
          </reporter-output>
        </test-method> <!-- minimizeflyout -->
        <test-method signature="createcustomer(java.lang.String)[pri:5, instance:com.sgtesting.testngbasic.BasicScenarioTestNG5@18d87d80]" started-at="2022-06-14T15:11:09 IST" name="createcustomer" data-provider="customerdetails" finished-at="2022-06-14T15:11:16 IST" duration-ms="6471" status="PASS">
          <params>
            <param index="0">
              <value>
                <![CDATA[Google]]>
              </value>
            </param>
          </params>
          <reporter-output>
          </reporter-output>
        </test-method> <!-- createcustomer -->
        <test-method signature="createproject(java.lang.String)[pri:6, instance:com.sgtesting.testngbasic.BasicScenarioTestNG5@18d87d80]" started-at="2022-06-14T15:11:16 IST" name="createproject" data-provider="projectdetails" finished-at="2022-06-14T15:11:22 IST" duration-ms="6588" status="PASS">
          <params>
            <param index="0">
              <value>
                <![CDATA[Banking]]>
              </value>
            </param>
          </params>
          <reporter-output>
          </reporter-output>
        </test-method> <!-- createproject -->
        <test-method signature="DeleteProject()[pri:7, instance:com.sgtesting.testngbasic.BasicScenarioTestNG5@18d87d80]" started-at="2022-06-14T15:11:22 IST" name="DeleteProject" finished-at="2022-06-14T15:11:27 IST" duration-ms="4987" status="PASS">
          <reporter-output>
          </reporter-output>
        </test-method> <!-- DeleteProject -->
        <test-method signature="deletecustomer()[pri:8, instance:com.sgtesting.testngbasic.BasicScenarioTestNG5@18d87d80]" started-at="2022-06-14T15:11:27 IST" name="deletecustomer" finished-at="2022-06-14T15:11:33 IST" duration-ms="5848" status="PASS">
          <reporter-output>
          </reporter-output>
        </test-method> <!-- deletecustomer -->
        <test-method signature="logout()[pri:9, instance:com.sgtesting.testngbasic.BasicScenarioTestNG5@18d87d80]" started-at="2022-06-14T15:11:33 IST" name="logout" finished-at="2022-06-14T15:11:35 IST" duration-ms="1450" status="PASS">
          <reporter-output>
          </reporter-output>
        </test-method> <!-- logout -->
        <test-method signature="closeapplication()[pri:10, instance:com.sgtesting.testngbasic.BasicScenarioTestNG5@18d87d80]" started-at="2022-06-14T15:11:35 IST" name="closeapplication" finished-at="2022-06-14T15:11:35 IST" duration-ms="659" status="PASS">
          <reporter-output>
          </reporter-output>
        </test-method> <!-- closeapplication -->
      </class> <!-- com.sgtesting.testngbasic.BasicScenarioTestNG5 -->
      <class name="com.sgtesting.testngbasic.BasicScenarioTestNG4">
        <test-method signature="launchbroswer()[pri:1, instance:com.sgtesting.testngbasic.BasicScenarioTestNG4@1af2d44a]" started-at="2022-06-14T15:10:28 IST" name="launchbroswer" finished-at="2022-06-14T15:10:31 IST" duration-ms="2530" status="PASS">
          <reporter-output>
          </reporter-output>
        </test-method> <!-- launchbroswer -->
        <test-method signature="navigate()[pri:2, instance:com.sgtesting.testngbasic.BasicScenarioTestNG4@1af2d44a]" started-at="2022-06-14T15:10:31 IST" name="navigate" finished-at="2022-06-14T15:10:32 IST" duration-ms="1804" status="PASS">
          <reporter-output>
          </reporter-output>
        </test-method> <!-- navigate -->
        <test-method signature="login(java.lang.String,java.lang.String)[pri:3, instance:com.sgtesting.testngbasic.BasicScenarioTestNG4@1af2d44a]" started-at="2022-06-14T15:10:32 IST" name="login" data-provider="logindetails" finished-at="2022-06-14T15:10:36 IST" duration-ms="3437" status="PASS">
          <params>
            <param index="0">
              <value>
                <![CDATA[admin]]>
              </value>
            </param>
            <param index="1">
              <value>
                <![CDATA[manager]]>
              </value>
            </param>
          </params>
          <reporter-output>
          </reporter-output>
        </test-method> <!-- login -->
        <test-method signature="minimizeflyout()[pri:4, instance:com.sgtesting.testngbasic.BasicScenarioTestNG4@1af2d44a]" started-at="2022-06-14T15:10:36 IST" name="minimizeflyout" finished-at="2022-06-14T15:10:39 IST" duration-ms="3182" status="PASS">
          <reporter-output>
          </reporter-output>
        </test-method> <!-- minimizeflyout -->
        <test-method signature="createcustomer(java.lang.String)[pri:5, instance:com.sgtesting.testngbasic.BasicScenarioTestNG4@1af2d44a]" started-at="2022-06-14T15:10:39 IST" name="createcustomer" data-provider="customerdetails" finished-at="2022-06-14T15:10:46 IST" duration-ms="6421" status="PASS">
          <params>
            <param index="0">
              <value>
                <![CDATA[Google]]>
              </value>
            </param>
          </params>
          <reporter-output>
          </reporter-output>
        </test-method> <!-- createcustomer -->
        <test-method signature="modifycustomer(java.lang.String)[pri:6, instance:com.sgtesting.testngbasic.BasicScenarioTestNG4@1af2d44a]" started-at="2022-06-14T15:10:46 IST" name="modifycustomer" data-provider="modifycustomer" finished-at="2022-06-14T15:10:50 IST" duration-ms="4892" status="PASS">
          <params>
            <param index="0">
              <value>
                <![CDATA[HCL]]>
              </value>
            </param>
          </params>
          <reporter-output>
          </reporter-output>
        </test-method> <!-- modifycustomer -->
        <test-method signature="deletecustomer()[pri:7, instance:com.sgtesting.testngbasic.BasicScenarioTestNG4@1af2d44a]" started-at="2022-06-14T15:10:50 IST" name="deletecustomer" finished-at="2022-06-14T15:10:56 IST" duration-ms="5847" status="PASS">
          <reporter-output>
          </reporter-output>
        </test-method> <!-- deletecustomer -->
        <test-method signature="logout()[pri:8, instance:com.sgtesting.testngbasic.BasicScenarioTestNG4@1af2d44a]" started-at="2022-06-14T15:10:56 IST" name="logout" finished-at="2022-06-14T15:10:58 IST" duration-ms="1381" status="PASS">
          <reporter-output>
          </reporter-output>
        </test-method> <!-- logout -->
        <test-method signature="closeapplication()[pri:9, instance:com.sgtesting.testngbasic.BasicScenarioTestNG4@1af2d44a]" started-at="2022-06-14T15:10:58 IST" name="closeapplication" finished-at="2022-06-14T15:10:58 IST" duration-ms="747" status="PASS">
          <reporter-output>
          </reporter-output>
        </test-method> <!-- closeapplication -->
      </class> <!-- com.sgtesting.testngbasic.BasicScenarioTestNG4 -->
      <class name="com.sgtesting.advancescenariotestng.AdvanceScenarioTestng1">
        <test-method signature="launchbrowser()[pri:1, instance:com.sgtesting.advancescenariotestng.AdvanceScenarioTestng1@543588e6]" started-at="2022-06-14T15:13:02 IST" name="launchbrowser" finished-at="2022-06-14T15:13:05 IST" duration-ms="2253" status="PASS">
          <reporter-output>
          </reporter-output>
        </test-method> <!-- launchbrowser -->
        <test-method signature="navigate()[pri:2, instance:com.sgtesting.advancescenariotestng.AdvanceScenarioTestng1@543588e6]" started-at="2022-06-14T15:13:05 IST" name="navigate" finished-at="2022-06-14T15:13:08 IST" duration-ms="2989" status="PASS">
          <reporter-output>
          </reporter-output>
        </test-method> <!-- navigate -->
        <test-method signature="loginasadmin()[pri:3, instance:com.sgtesting.advancescenariotestng.AdvanceScenarioTestng1@543588e6]" started-at="2022-06-14T15:13:08 IST" name="loginasadmin" finished-at="2022-06-14T15:13:12 IST" duration-ms="4421" status="PASS">
          <reporter-output>
          </reporter-output>
        </test-method> <!-- loginasadmin -->
        <test-method signature="minimizeflyout()[pri:4, instance:com.sgtesting.advancescenariotestng.AdvanceScenarioTestng1@543588e6]" started-at="2022-06-14T15:13:12 IST" name="minimizeflyout" finished-at="2022-06-14T15:13:14 IST" duration-ms="2382" status="PASS">
          <reporter-output>
          </reporter-output>
        </test-method> <!-- minimizeflyout -->
        <test-method signature="createuser1()[pri:5, instance:com.sgtesting.advancescenariotestng.AdvanceScenarioTestng1@543588e6]" started-at="2022-06-14T15:13:14 IST" name="createuser1" finished-at="2022-06-14T15:13:29 IST" duration-ms="14250" status="PASS">
          <reporter-output>
          </reporter-output>
        </test-method> <!-- createuser1 -->
        <test-method signature="createuser2()[pri:6, instance:com.sgtesting.advancescenariotestng.AdvanceScenarioTestng1@543588e6]" started-at="2022-06-14T15:13:29 IST" name="createuser2" finished-at="2022-06-14T15:13:38 IST" duration-ms="9381" status="PASS">
          <reporter-output>
          </reporter-output>
        </test-method> <!-- createuser2 -->
        <test-method signature="createuser3()[pri:7, instance:com.sgtesting.advancescenariotestng.AdvanceScenarioTestng1@543588e6]" started-at="2022-06-14T15:13:38 IST" name="createuser3" finished-at="2022-06-14T15:13:49 IST" duration-ms="10474" status="PASS">
          <reporter-output>
          </reporter-output>
        </test-method> <!-- createuser3 -->
        <test-method signature="logout1()[pri:8, instance:com.sgtesting.advancescenariotestng.AdvanceScenarioTestng1@543588e6]" started-at="2022-06-14T15:13:49 IST" name="logout1" finished-at="2022-06-14T15:13:51 IST" duration-ms="2072" status="PASS">
          <reporter-output>
          </reporter-output>
        </test-method> <!-- logout1 -->
        <test-method signature="loginasuser1()[pri:9, instance:com.sgtesting.advancescenariotestng.AdvanceScenarioTestng1@543588e6]" started-at="2022-06-14T15:13:51 IST" name="loginasuser1" finished-at="2022-06-14T15:14:01 IST" duration-ms="10647" status="PASS">
          <reporter-output>
          </reporter-output>
        </test-method> <!-- loginasuser1 -->
        <test-method signature="logoutasuser1()[pri:10, instance:com.sgtesting.advancescenariotestng.AdvanceScenarioTestng1@543588e6]" started-at="2022-06-14T15:14:01 IST" name="logoutasuser1" finished-at="2022-06-14T15:14:03 IST" duration-ms="1416" status="PASS">
          <reporter-output>
          </reporter-output>
        </test-method> <!-- logoutasuser1 -->
        <test-method signature="loginasuser2()[pri:11, instance:com.sgtesting.advancescenariotestng.AdvanceScenarioTestng1@543588e6]" started-at="2022-06-14T15:14:03 IST" name="loginasuser2" finished-at="2022-06-14T15:14:09 IST" duration-ms="6051" status="PASS">
          <reporter-output>
          </reporter-output>
        </test-method> <!-- loginasuser2 -->
        <test-method signature="logoutasuser2()[pri:12, instance:com.sgtesting.advancescenariotestng.AdvanceScenarioTestng1@543588e6]" started-at="2022-06-14T15:14:09 IST" name="logoutasuser2" finished-at="2022-06-14T15:14:10 IST" duration-ms="1411" status="PASS">
          <reporter-output>
          </reporter-output>
        </test-method> <!-- logoutasuser2 -->
        <test-method signature="loginasuser3()[pri:13, instance:com.sgtesting.advancescenariotestng.AdvanceScenarioTestng1@543588e6]" started-at="2022-06-14T15:14:10 IST" name="loginasuser3" finished-at="2022-06-14T15:14:16 IST" duration-ms="6116" status="PASS">
          <reporter-output>
          </reporter-output>
        </test-method> <!-- loginasuser3 -->
        <test-method signature="logoutasuser3()[pri:14, instance:com.sgtesting.advancescenariotestng.AdvanceScenarioTestng1@543588e6]" started-at="2022-06-14T15:14:16 IST" name="logoutasuser3" finished-at="2022-06-14T15:14:18 IST" duration-ms="1380" status="PASS">
          <reporter-output>
          </reporter-output>
        </test-method> <!-- logoutasuser3 -->
        <test-method signature="loginasadmin11()[pri:15, instance:com.sgtesting.advancescenariotestng.AdvanceScenarioTestng1@543588e6]" started-at="2022-06-14T15:14:18 IST" name="loginasadmin11" finished-at="2022-06-14T15:14:22 IST" duration-ms="4494" status="PASS">
          <reporter-output>
          </reporter-output>
        </test-method> <!-- loginasadmin11 -->
        <test-method signature="modifypwduser1()[pri:16, instance:com.sgtesting.advancescenariotestng.AdvanceScenarioTestng1@543588e6]" started-at="2022-06-14T15:14:22 IST" name="modifypwduser1" finished-at="2022-06-14T15:14:31 IST" duration-ms="8810" status="PASS">
          <reporter-output>
          </reporter-output>
        </test-method> <!-- modifypwduser1 -->
        <test-method signature="modifypwduser2()[pri:17, instance:com.sgtesting.advancescenariotestng.AdvanceScenarioTestng1@543588e6]" started-at="2022-06-14T15:14:31 IST" name="modifypwduser2" finished-at="2022-06-14T15:14:36 IST" duration-ms="4748" status="PASS">
          <reporter-output>
          </reporter-output>
        </test-method> <!-- modifypwduser2 -->
        <test-method signature="modifypwduser3()[pri:18, instance:com.sgtesting.advancescenariotestng.AdvanceScenarioTestng1@543588e6]" started-at="2022-06-14T15:14:36 IST" name="modifypwduser3" finished-at="2022-06-14T15:14:40 IST" duration-ms="4738" status="PASS">
          <reporter-output>
          </reporter-output>
        </test-method> <!-- modifypwduser3 -->
        <test-method signature="logout2()[pri:19, instance:com.sgtesting.advancescenariotestng.AdvanceScenarioTestng1@543588e6]" started-at="2022-06-14T15:14:40 IST" name="logout2" finished-at="2022-06-14T15:14:42 IST" duration-ms="1476" status="PASS">
          <reporter-output>
          </reporter-output>
        </test-method> <!-- logout2 -->
        <test-method signature="loginwithmodifypwduser1()[pri:20, instance:com.sgtesting.advancescenariotestng.AdvanceScenarioTestng1@543588e6]" started-at="2022-06-14T15:14:42 IST" name="loginwithmodifypwduser1" finished-at="2022-06-14T15:14:45 IST" duration-ms="3541" status="PASS">
          <reporter-output>
          </reporter-output>
        </test-method> <!-- loginwithmodifypwduser1 -->
        <test-method signature="logoutasuser11()[pri:21, instance:com.sgtesting.advancescenariotestng.AdvanceScenarioTestng1@543588e6]" started-at="2022-06-14T15:14:45 IST" name="logoutasuser11" finished-at="2022-06-14T15:14:47 IST" duration-ms="1346" status="PASS">
          <reporter-output>
          </reporter-output>
        </test-method> <!-- logoutasuser11 -->
        <test-method signature="loginwithmodifypwduser2()[pri:22, instance:com.sgtesting.advancescenariotestng.AdvanceScenarioTestng1@543588e6]" started-at="2022-06-14T15:14:47 IST" name="loginwithmodifypwduser2" finished-at="2022-06-14T15:14:50 IST" duration-ms="3527" status="PASS">
          <reporter-output>
          </reporter-output>
        </test-method> <!-- loginwithmodifypwduser2 -->
        <test-method signature="logoutasuser22()[pri:23, instance:com.sgtesting.advancescenariotestng.AdvanceScenarioTestng1@543588e6]" started-at="2022-06-14T15:14:50 IST" name="logoutasuser22" finished-at="2022-06-14T15:14:52 IST" duration-ms="1426" status="PASS">
          <reporter-output>
          </reporter-output>
        </test-method> <!-- logoutasuser22 -->
        <test-method signature="loginwithmodifypwduser3()[pri:24, instance:com.sgtesting.advancescenariotestng.AdvanceScenarioTestng1@543588e6]" started-at="2022-06-14T15:14:52 IST" name="loginwithmodifypwduser3" finished-at="2022-06-14T15:14:55 IST" duration-ms="3539" status="PASS">
          <reporter-output>
          </reporter-output>
        </test-method> <!-- loginwithmodifypwduser3 -->
        <test-method signature="logoutasuser33()[pri:25, instance:com.sgtesting.advancescenariotestng.AdvanceScenarioTestng1@543588e6]" started-at="2022-06-14T15:14:55 IST" name="logoutasuser33" finished-at="2022-06-14T15:14:57 IST" duration-ms="1458" status="PASS">
          <reporter-output>
          </reporter-output>
        </test-method> <!-- logoutasuser33 -->
        <test-method signature="loginasadmin1()[pri:26, instance:com.sgtesting.advancescenariotestng.AdvanceScenarioTestng1@543588e6]" started-at="2022-06-14T15:14:57 IST" name="loginasadmin1" finished-at="2022-06-14T15:15:01 IST" duration-ms="4455" status="PASS">
          <reporter-output>
          </reporter-output>
        </test-method> <!-- loginasadmin1 -->
        <test-method signature="Deleteuser1()[pri:27, instance:com.sgtesting.advancescenariotestng.AdvanceScenarioTestng1@543588e6]" started-at="2022-06-14T15:15:01 IST" name="Deleteuser1" finished-at="2022-06-14T15:15:07 IST" duration-ms="6140" status="PASS">
          <reporter-output>
          </reporter-output>
        </test-method> <!-- Deleteuser1 -->
        <test-method signature="Deleteuser2()[pri:28, instance:com.sgtesting.advancescenariotestng.AdvanceScenarioTestng1@543588e6]" started-at="2022-06-14T15:15:07 IST" name="Deleteuser2" finished-at="2022-06-14T15:15:12 IST" duration-ms="4278" status="PASS">
          <reporter-output>
          </reporter-output>
        </test-method> <!-- Deleteuser2 -->
        <test-method signature="Deleteuser3()[pri:29, instance:com.sgtesting.advancescenariotestng.AdvanceScenarioTestng1@543588e6]" started-at="2022-06-14T15:15:12 IST" name="Deleteuser3" finished-at="2022-06-14T15:15:16 IST" duration-ms="4317" status="PASS">
          <reporter-output>
          </reporter-output>
        </test-method> <!-- Deleteuser3 -->
        <test-method signature="logoutasadmin2()[pri:30, instance:com.sgtesting.advancescenariotestng.AdvanceScenarioTestng1@543588e6]" started-at="2022-06-14T15:15:16 IST" name="logoutasadmin2" finished-at="2022-06-14T15:15:17 IST" duration-ms="1430" status="PASS">
          <reporter-output>
          </reporter-output>
        </test-method> <!-- logoutasadmin2 -->
        <test-method signature="closeapplication()[pri:31, instance:com.sgtesting.advancescenariotestng.AdvanceScenarioTestng1@543588e6]" started-at="2022-06-14T15:15:17 IST" name="closeapplication" finished-at="2022-06-14T15:15:20 IST" duration-ms="2849" status="PASS">
          <reporter-output>
          </reporter-output>
        </test-method> <!-- closeapplication -->
      </class> <!-- com.sgtesting.advancescenariotestng.AdvanceScenarioTestng1 -->
      <class name="com.sgtesting.testngbasic.BasicScenarioTestNG3">
        <test-method signature="launchbroswer()[pri:1, instance:com.sgtesting.testngbasic.BasicScenarioTestNG3@1e04fa0a]" started-at="2022-06-14T15:10:04 IST" name="launchbroswer" finished-at="2022-06-14T15:10:06 IST" duration-ms="2604" status="PASS">
          <reporter-output>
          </reporter-output>
        </test-method> <!-- launchbroswer -->
        <test-method signature="navigate()[pri:2, instance:com.sgtesting.testngbasic.BasicScenarioTestNG3@1e04fa0a]" started-at="2022-06-14T15:10:06 IST" name="navigate" finished-at="2022-06-14T15:10:09 IST" duration-ms="2307" status="PASS">
          <reporter-output>
          </reporter-output>
        </test-method> <!-- navigate -->
        <test-method signature="login(java.lang.String,java.lang.String)[pri:3, instance:com.sgtesting.testngbasic.BasicScenarioTestNG3@1e04fa0a]" started-at="2022-06-14T15:10:09 IST" name="login" data-provider="logindetails" finished-at="2022-06-14T15:10:12 IST" duration-ms="3492" status="PASS">
          <params>
            <param index="0">
              <value>
                <![CDATA[admin]]>
              </value>
            </param>
            <param index="1">
              <value>
                <![CDATA[manager]]>
              </value>
            </param>
          </params>
          <reporter-output>
          </reporter-output>
        </test-method> <!-- login -->
        <test-method signature="minimizeflyout()[pri:4, instance:com.sgtesting.testngbasic.BasicScenarioTestNG3@1e04fa0a]" started-at="2022-06-14T15:10:12 IST" name="minimizeflyout" finished-at="2022-06-14T15:10:15 IST" duration-ms="2598" status="PASS">
          <reporter-output>
          </reporter-output>
        </test-method> <!-- minimizeflyout -->
        <test-method signature="createcustomer(java.lang.String)[pri:5, instance:com.sgtesting.testngbasic.BasicScenarioTestNG3@1e04fa0a]" started-at="2022-06-14T15:10:15 IST" name="createcustomer" data-provider="customerdetails" finished-at="2022-06-14T15:10:21 IST" duration-ms="6788" status="PASS">
          <params>
            <param index="0">
              <value>
                <![CDATA[Google]]>
              </value>
            </param>
          </params>
          <reporter-output>
          </reporter-output>
        </test-method> <!-- createcustomer -->
        <test-method signature="deletecustomer()[pri:6, instance:com.sgtesting.testngbasic.BasicScenarioTestNG3@1e04fa0a]" started-at="2022-06-14T15:10:21 IST" name="deletecustomer" finished-at="2022-06-14T15:10:26 IST" duration-ms="4363" status="PASS">
          <reporter-output>
          </reporter-output>
        </test-method> <!-- deletecustomer -->
        <test-method signature="logout()[pri:7, instance:com.sgtesting.testngbasic.BasicScenarioTestNG3@1e04fa0a]" started-at="2022-06-14T15:10:26 IST" name="logout" finished-at="2022-06-14T15:10:28 IST" duration-ms="1645" status="PASS">
          <reporter-output>
          </reporter-output>
        </test-method> <!-- logout -->
        <test-method signature="closeapplication()[pri:8, instance:com.sgtesting.testngbasic.BasicScenarioTestNG3@1e04fa0a]" started-at="2022-06-14T15:10:28 IST" name="closeapplication" finished-at="2022-06-14T15:10:28 IST" duration-ms="637" status="PASS">
          <reporter-output>
          </reporter-output>
        </test-method> <!-- closeapplication -->
      </class> <!-- com.sgtesting.testngbasic.BasicScenarioTestNG3 -->
      <class name="com.sgtesting.advancescenariotestng.AdvanceScenarioTestng2">
        <test-method signature="launchbrowser()[pri:1, instance:com.sgtesting.advancescenariotestng.AdvanceScenarioTestng2@f5acb9d]" started-at="2022-06-14T15:15:20 IST" name="launchbrowser" finished-at="2022-06-14T15:15:22 IST" duration-ms="2147" status="PASS">
          <reporter-output>
          </reporter-output>
        </test-method> <!-- launchbrowser -->
        <test-method signature="navigate()[pri:2, instance:com.sgtesting.advancescenariotestng.AdvanceScenarioTestng2@f5acb9d]" started-at="2022-06-14T15:15:22 IST" name="navigate" finished-at="2022-06-14T15:15:25 IST" duration-ms="2891" status="PASS">
          <reporter-output>
          </reporter-output>
        </test-method> <!-- navigate -->
        <test-method signature="loginasadmin1()[pri:3, instance:com.sgtesting.advancescenariotestng.AdvanceScenarioTestng2@f5acb9d]" started-at="2022-06-14T15:15:25 IST" name="loginasadmin1" finished-at="2022-06-14T15:15:30 IST" duration-ms="4557" status="PASS">
          <reporter-output>
          </reporter-output>
        </test-method> <!-- loginasadmin1 -->
        <test-method signature="minimizeflyout()[pri:4, instance:com.sgtesting.advancescenariotestng.AdvanceScenarioTestng2@f5acb9d]" started-at="2022-06-14T15:15:30 IST" name="minimizeflyout" finished-at="2022-06-14T15:15:31 IST" duration-ms="1165" status="PASS">
          <reporter-output>
          </reporter-output>
        </test-method> <!-- minimizeflyout -->
        <test-method signature="createuser1()[pri:5, instance:com.sgtesting.advancescenariotestng.AdvanceScenarioTestng2@f5acb9d]" started-at="2022-06-14T15:15:31 IST" name="createuser1" finished-at="2022-06-14T15:15:46 IST" duration-ms="15177" status="PASS">
          <reporter-output>
          </reporter-output>
        </test-method> <!-- createuser1 -->
        <test-method signature="logout1()[pri:6, instance:com.sgtesting.advancescenariotestng.AdvanceScenarioTestng2@f5acb9d]" started-at="2022-06-14T15:15:46 IST" name="logout1" finished-at="2022-06-14T15:15:49 IST" duration-ms="2435" status="PASS">
          <reporter-output>
          </reporter-output>
        </test-method> <!-- logout1 -->
        <test-method signature="loginasuser1()[pri:7, instance:com.sgtesting.advancescenariotestng.AdvanceScenarioTestng2@f5acb9d]" started-at="2022-06-14T15:15:49 IST" name="loginasuser1" finished-at="2022-06-14T15:16:04 IST" duration-ms="14892" status="PASS">
          <reporter-output>
          </reporter-output>
        </test-method> <!-- loginasuser1 -->
        <test-method signature="createuser2()[pri:8, instance:com.sgtesting.advancescenariotestng.AdvanceScenarioTestng2@f5acb9d]" started-at="2022-06-14T15:16:04 IST" name="createuser2" finished-at="2022-06-14T15:16:15 IST" duration-ms="11602" status="PASS">
          <reporter-output>
          </reporter-output>
        </test-method> <!-- createuser2 -->
        <test-method signature="logoutasuser1()[pri:9, instance:com.sgtesting.advancescenariotestng.AdvanceScenarioTestng2@f5acb9d]" started-at="2022-06-14T15:16:15 IST" name="logoutasuser1" finished-at="2022-06-14T15:16:17 IST" duration-ms="1452" status="PASS">
          <reporter-output>
          </reporter-output>
        </test-method> <!-- logoutasuser1 -->
        <test-method signature="loginasuser2()[pri:10, instance:com.sgtesting.advancescenariotestng.AdvanceScenarioTestng2@f5acb9d]" started-at="2022-06-14T15:16:17 IST" name="loginasuser2" finished-at="2022-06-14T15:16:23 IST" duration-ms="6527" status="PASS">
          <reporter-output>
          </reporter-output>
        </test-method> <!-- loginasuser2 -->
        <test-method signature="createuser3()[pri:11, instance:com.sgtesting.advancescenariotestng.AdvanceScenarioTestng2@f5acb9d]" started-at="2022-06-14T15:16:23 IST" name="createuser3" finished-at="2022-06-14T15:16:36 IST" duration-ms="12387" status="PASS">
          <reporter-output>
          </reporter-output>
        </test-method> <!-- createuser3 -->
        <test-method signature="logoutasuser2()[pri:12, instance:com.sgtesting.advancescenariotestng.AdvanceScenarioTestng2@f5acb9d]" started-at="2022-06-14T15:16:36 IST" name="logoutasuser2" finished-at="2022-06-14T15:16:37 IST" duration-ms="1457" status="PASS">
          <reporter-output>
          </reporter-output>
        </test-method> <!-- logoutasuser2 -->
        <test-method signature="loginasuser3()[pri:13, instance:com.sgtesting.advancescenariotestng.AdvanceScenarioTestng2@f5acb9d]" started-at="2022-06-14T15:16:37 IST" name="loginasuser3" finished-at="2022-06-14T15:16:45 IST" duration-ms="7530" status="PASS">
          <reporter-output>
          </reporter-output>
        </test-method> <!-- loginasuser3 -->
        <test-method signature="logoutasuser3()[pri:14, instance:com.sgtesting.advancescenariotestng.AdvanceScenarioTestng2@f5acb9d]" started-at="2022-06-14T15:16:45 IST" name="logoutasuser3" finished-at="2022-06-14T15:16:46 IST" duration-ms="1410" status="PASS">
          <reporter-output>
          </reporter-output>
        </test-method> <!-- logoutasuser3 -->
        <test-method signature="loginasuser22()[pri:15, instance:com.sgtesting.advancescenariotestng.AdvanceScenarioTestng2@f5acb9d]" started-at="2022-06-14T15:16:46 IST" name="loginasuser22" finished-at="2022-06-14T15:16:50 IST" duration-ms="3563" status="PASS">
          <reporter-output>
          </reporter-output>
        </test-method> <!-- loginasuser22 -->
        <test-method signature="modifypwduser3()[pri:16, instance:com.sgtesting.advancescenariotestng.AdvanceScenarioTestng2@f5acb9d]" started-at="2022-06-14T15:16:50 IST" name="modifypwduser3" finished-at="2022-06-14T15:16:56 IST" duration-ms="6761" status="PASS">
          <reporter-output>
          </reporter-output>
        </test-method> <!-- modifypwduser3 -->
        <test-method signature="logoutasuser22()[pri:17, instance:com.sgtesting.advancescenariotestng.AdvanceScenarioTestng2@f5acb9d]" started-at="2022-06-14T15:16:56 IST" name="logoutasuser22" finished-at="2022-06-14T15:16:58 IST" duration-ms="1471" status="PASS">
          <reporter-output>
          </reporter-output>
        </test-method> <!-- logoutasuser22 -->
        <test-method signature="loginwithmodifypwduser3()[pri:18, instance:com.sgtesting.advancescenariotestng.AdvanceScenarioTestng2@f5acb9d]" started-at="2022-06-14T15:16:58 IST" name="loginwithmodifypwduser3" finished-at="2022-06-14T15:17:01 IST" duration-ms="3539" status="PASS">
          <reporter-output>
          </reporter-output>
        </test-method> <!-- loginwithmodifypwduser3 -->
        <test-method signature="logoutasuser33()[pri:19, instance:com.sgtesting.advancescenariotestng.AdvanceScenarioTestng2@f5acb9d]" started-at="2022-06-14T15:17:01 IST" name="logoutasuser33" finished-at="2022-06-14T15:17:03 IST" duration-ms="1406" status="PASS">
          <reporter-output>
          </reporter-output>
        </test-method> <!-- logoutasuser33 -->
        <test-method signature="loginasuser11()[pri:20, instance:com.sgtesting.advancescenariotestng.AdvanceScenarioTestng2@f5acb9d]" started-at="2022-06-14T15:17:03 IST" name="loginasuser11" finished-at="2022-06-14T15:17:06 IST" duration-ms="3517" status="PASS">
          <reporter-output>
          </reporter-output>
        </test-method> <!-- loginasuser11 -->
        <test-method signature="modifypwduser2()[pri:21, instance:com.sgtesting.advancescenariotestng.AdvanceScenarioTestng2@f5acb9d]" started-at="2022-06-14T15:17:06 IST" name="modifypwduser2" finished-at="2022-06-14T15:17:13 IST" duration-ms="6619" status="PASS">
          <reporter-output>
          </reporter-output>
        </test-method> <!-- modifypwduser2 -->
        <test-method signature="logoutasuser11()[pri:22, instance:com.sgtesting.advancescenariotestng.AdvanceScenarioTestng2@f5acb9d]" started-at="2022-06-14T15:17:13 IST" name="logoutasuser11" finished-at="2022-06-14T15:17:14 IST" duration-ms="1527" status="PASS">
          <reporter-output>
          </reporter-output>
        </test-method> <!-- logoutasuser11 -->
        <test-method signature="loginwithmodifypwduser2()[pri:23, instance:com.sgtesting.advancescenariotestng.AdvanceScenarioTestng2@f5acb9d]" started-at="2022-06-14T15:17:14 IST" name="loginwithmodifypwduser2" finished-at="2022-06-14T15:17:18 IST" duration-ms="3430" status="PASS">
          <reporter-output>
          </reporter-output>
        </test-method> <!-- loginwithmodifypwduser2 -->
        <test-method signature="logoutasuser222()[pri:24, instance:com.sgtesting.advancescenariotestng.AdvanceScenarioTestng2@f5acb9d]" started-at="2022-06-14T15:17:18 IST" name="logoutasuser222" finished-at="2022-06-14T15:17:19 IST" duration-ms="1401" status="PASS">
          <reporter-output>
          </reporter-output>
        </test-method> <!-- logoutasuser222 -->
        <test-method signature="loginasadmin11()[pri:25, instance:com.sgtesting.advancescenariotestng.AdvanceScenarioTestng2@f5acb9d]" started-at="2022-06-14T15:17:19 IST" name="loginasadmin11" finished-at="2022-06-14T15:17:24 IST" duration-ms="4439" status="PASS">
          <reporter-output>
          </reporter-output>
        </test-method> <!-- loginasadmin11 -->
        <test-method signature="modifypwduser1()[pri:26, instance:com.sgtesting.advancescenariotestng.AdvanceScenarioTestng2@f5acb9d]" started-at="2022-06-14T15:17:24 IST" name="modifypwduser1" finished-at="2022-06-14T15:17:31 IST" duration-ms="7648" status="PASS">
          <reporter-output>
          </reporter-output>
        </test-method> <!-- modifypwduser1 -->
        <test-method signature="logoutasadmin2()[pri:27, instance:com.sgtesting.advancescenariotestng.AdvanceScenarioTestng2@f5acb9d]" started-at="2022-06-14T15:17:31 IST" name="logoutasadmin2" finished-at="2022-06-14T15:17:33 IST" duration-ms="1527" status="PASS">
          <reporter-output>
          </reporter-output>
        </test-method> <!-- logoutasadmin2 -->
        <test-method signature="loginwithmodifypwduser1()[pri:28, instance:com.sgtesting.advancescenariotestng.AdvanceScenarioTestng2@f5acb9d]" started-at="2022-06-14T15:17:33 IST" name="loginwithmodifypwduser1" finished-at="2022-06-14T15:17:36 IST" duration-ms="3556" status="PASS">
          <reporter-output>
          </reporter-output>
        </test-method> <!-- loginwithmodifypwduser1 -->
        <test-method signature="logoutasuser111()[pri:29, instance:com.sgtesting.advancescenariotestng.AdvanceScenarioTestng2@f5acb9d]" started-at="2022-06-14T15:17:36 IST" name="logoutasuser111" finished-at="2022-06-14T15:17:38 IST" duration-ms="1676" status="PASS">
          <reporter-output>
          </reporter-output>
        </test-method> <!-- logoutasuser111 -->
        <test-method signature="loginwithmodifypwduser22()[pri:30, instance:com.sgtesting.advancescenariotestng.AdvanceScenarioTestng2@f5acb9d]" started-at="2022-06-14T15:17:38 IST" name="loginwithmodifypwduser22" finished-at="2022-06-14T15:17:41 IST" duration-ms="3400" status="PASS">
          <reporter-output>
          </reporter-output>
        </test-method> <!-- loginwithmodifypwduser22 -->
        <test-method signature="Deleteuser3()[pri:31, instance:com.sgtesting.advancescenariotestng.AdvanceScenarioTestng2@f5acb9d]" started-at="2022-06-14T15:17:41 IST" name="Deleteuser3" finished-at="2022-06-14T15:17:48 IST" duration-ms="6217" status="PASS">
          <reporter-output>
          </reporter-output>
        </test-method> <!-- Deleteuser3 -->
        <test-method signature="logoutasuser333()[pri:32, instance:com.sgtesting.advancescenariotestng.AdvanceScenarioTestng2@f5acb9d]" started-at="2022-06-14T15:17:48 IST" name="logoutasuser333" finished-at="2022-06-14T15:17:49 IST" duration-ms="1462" status="PASS">
          <reporter-output>
          </reporter-output>
        </test-method> <!-- logoutasuser333 -->
        <test-method signature="loginwithmodifypwduser11()[pri:33, instance:com.sgtesting.advancescenariotestng.AdvanceScenarioTestng2@f5acb9d]" started-at="2022-06-14T15:17:49 IST" name="loginwithmodifypwduser11" finished-at="2022-06-14T15:17:53 IST" duration-ms="3508" status="PASS">
          <reporter-output>
          </reporter-output>
        </test-method> <!-- loginwithmodifypwduser11 -->
        <test-method signature="Deleteuser2()[pri:34, instance:com.sgtesting.advancescenariotestng.AdvanceScenarioTestng2@f5acb9d]" started-at="2022-06-14T15:17:53 IST" name="Deleteuser2" finished-at="2022-06-14T15:17:57 IST" duration-ms="4114" status="PASS">
          <reporter-output>
          </reporter-output>
        </test-method> <!-- Deleteuser2 -->
        <test-method signature="logoutasuser1111()[pri:35, instance:com.sgtesting.advancescenariotestng.AdvanceScenarioTestng2@f5acb9d]" started-at="2022-06-14T15:17:57 IST" name="logoutasuser1111" finished-at="2022-06-14T15:17:58 IST" duration-ms="1152" status="PASS">
          <reporter-output>
          </reporter-output>
        </test-method> <!-- logoutasuser1111 -->
        <test-method signature="loginasadmin22()[pri:36, instance:com.sgtesting.advancescenariotestng.AdvanceScenarioTestng2@f5acb9d]" started-at="2022-06-14T15:17:58 IST" name="loginasadmin22" finished-at="2022-06-14T15:17:59 IST" duration-ms="1265" status="PASS">
          <reporter-output>
          </reporter-output>
        </test-method> <!-- loginasadmin22 -->
        <test-method signature="Deleteuser1()[pri:37, instance:com.sgtesting.advancescenariotestng.AdvanceScenarioTestng2@f5acb9d]" started-at="2022-06-14T15:17:59 IST" name="Deleteuser1" finished-at="2022-06-14T15:18:00 IST" duration-ms="1153" status="PASS">
          <reporter-output>
          </reporter-output>
        </test-method> <!-- Deleteuser1 -->
        <test-method signature="logoutasadmin33()[pri:38, instance:com.sgtesting.advancescenariotestng.AdvanceScenarioTestng2@f5acb9d]" started-at="2022-06-14T15:18:00 IST" name="logoutasadmin33" finished-at="2022-06-14T15:18:01 IST" duration-ms="1127" status="PASS">
          <reporter-output>
          </reporter-output>
        </test-method> <!-- logoutasadmin33 -->
        <test-method signature="closeapplication()[pri:39, instance:com.sgtesting.advancescenariotestng.AdvanceScenarioTestng2@f5acb9d]" started-at="2022-06-14T15:18:01 IST" name="closeapplication" finished-at="2022-06-14T15:18:04 IST" duration-ms="2659" status="PASS">
          <reporter-output>
          </reporter-output>
        </test-method> <!-- closeapplication -->
      </class> <!-- com.sgtesting.advancescenariotestng.AdvanceScenarioTestng2 -->
      <class name="com.sgtesting.testngbasic.BasicScenarioTestNG7">
        <test-method signature="launchbroswer()[pri:1, instance:com.sgtesting.testngbasic.BasicScenarioTestNG7@58695725]" started-at="2022-06-14T15:12:17 IST" name="launchbroswer" finished-at="2022-06-14T15:12:20 IST" duration-ms="3001" status="PASS">
          <reporter-output>
          </reporter-output>
        </test-method> <!-- launchbroswer -->
        <test-method signature="navigate()[pri:2, instance:com.sgtesting.testngbasic.BasicScenarioTestNG7@58695725]" started-at="2022-06-14T15:12:20 IST" name="navigate" finished-at="2022-06-14T15:12:21 IST" duration-ms="1735" status="PASS">
          <reporter-output>
          </reporter-output>
        </test-method> <!-- navigate -->
        <test-method signature="login(java.lang.String,java.lang.String)[pri:3, instance:com.sgtesting.testngbasic.BasicScenarioTestNG7@58695725]" started-at="2022-06-14T15:12:21 IST" name="login" data-provider="logindetails" finished-at="2022-06-14T15:12:25 IST" duration-ms="3380" status="PASS">
          <params>
            <param index="0">
              <value>
                <![CDATA[admin]]>
              </value>
            </param>
            <param index="1">
              <value>
                <![CDATA[manager]]>
              </value>
            </param>
          </params>
          <reporter-output>
          </reporter-output>
        </test-method> <!-- login -->
        <test-method signature="minimizeflyout()[pri:4, instance:com.sgtesting.testngbasic.BasicScenarioTestNG7@58695725]" started-at="2022-06-14T15:12:25 IST" name="minimizeflyout" finished-at="2022-06-14T15:12:27 IST" duration-ms="2619" status="PASS">
          <reporter-output>
          </reporter-output>
        </test-method> <!-- minimizeflyout -->
        <test-method signature="createcustomer(java.lang.String)[pri:5, instance:com.sgtesting.testngbasic.BasicScenarioTestNG7@58695725]" started-at="2022-06-14T15:12:27 IST" name="createcustomer" data-provider="customerdetails" finished-at="2022-06-14T15:12:35 IST" duration-ms="7143" status="PASS">
          <params>
            <param index="0">
              <value>
                <![CDATA[Google]]>
              </value>
            </param>
          </params>
          <reporter-output>
          </reporter-output>
        </test-method> <!-- createcustomer -->
        <test-method signature="createproject(java.lang.String)[pri:6, instance:com.sgtesting.testngbasic.BasicScenarioTestNG7@58695725]" started-at="2022-06-14T15:12:35 IST" name="createproject" data-provider="projectdetails" finished-at="2022-06-14T15:12:40 IST" duration-ms="5829" status="PASS">
          <params>
            <param index="0">
              <value>
                <![CDATA[Banking]]>
              </value>
            </param>
          </params>
          <reporter-output>
          </reporter-output>
        </test-method> <!-- createproject -->
        <test-method signature="createtask(java.lang.String)[pri:7, instance:com.sgtesting.testngbasic.BasicScenarioTestNG7@58695725]" started-at="2022-06-14T15:12:40 IST" name="createtask" data-provider="taskdetails" finished-at="2022-06-14T15:12:45 IST" duration-ms="4741" status="PASS">
          <params>
            <param index="0">
              <value>
                <![CDATA[Task1]]>
              </value>
            </param>
          </params>
          <reporter-output>
          </reporter-output>
        </test-method> <!-- createtask -->
        <test-method signature="deletetask()[pri:8, instance:com.sgtesting.testngbasic.BasicScenarioTestNG7@58695725]" started-at="2022-06-14T15:12:45 IST" name="deletetask" finished-at="2022-06-14T15:12:50 IST" duration-ms="4693" status="PASS">
          <reporter-output>
          </reporter-output>
        </test-method> <!-- deletetask -->
        <test-method signature="DeleteProject()[pri:9, instance:com.sgtesting.testngbasic.BasicScenarioTestNG7@58695725]" started-at="2022-06-14T15:12:50 IST" name="DeleteProject" finished-at="2022-06-14T15:12:55 IST" duration-ms="4743" status="PASS">
          <reporter-output>
          </reporter-output>
        </test-method> <!-- DeleteProject -->
        <test-method signature="deletecustomer()[pri:10, instance:com.sgtesting.testngbasic.BasicScenarioTestNG7@58695725]" started-at="2022-06-14T15:12:55 IST" name="deletecustomer" finished-at="2022-06-14T15:13:00 IST" duration-ms="5577" status="PASS">
          <reporter-output>
          </reporter-output>
        </test-method> <!-- deletecustomer -->
        <test-method signature="logout()[pri:11, instance:com.sgtesting.testngbasic.BasicScenarioTestNG7@58695725]" started-at="2022-06-14T15:13:00 IST" name="logout" finished-at="2022-06-14T15:13:02 IST" duration-ms="1457" status="PASS">
          <reporter-output>
          </reporter-output>
        </test-method> <!-- logout -->
        <test-method signature="closeapplication()[pri:12, instance:com.sgtesting.testngbasic.BasicScenarioTestNG7@58695725]" started-at="2022-06-14T15:13:02 IST" name="closeapplication" finished-at="2022-06-14T15:13:02 IST" duration-ms="734" status="PASS">
          <reporter-output>
          </reporter-output>
        </test-method> <!-- closeapplication -->
      </class> <!-- com.sgtesting.testngbasic.BasicScenarioTestNG7 -->
    </test> <!-- BasicandAdvancescenarioDemo -->
  </suite> <!-- ActiTImeTestNGAutomation -->
</testng-results>
